\BOOKMARK [0][-]{chapter.1}{\376\377\0001\000\040\000M\000T\000R\000X\000E\000n\000g\000i\000n\000e}{}% 1
\BOOKMARK [1][-]{section.1.1}{\376\377\0001\000.\0001\000\040\000A\000u\000t\000h\000o\000r\000:}{chapter.1}% 2
\BOOKMARK [1][-]{section.1.2}{\376\377\0001\000.\0002\000\040\000D\000e\000s\000c\000r\000i\000p\000t\000i\000o\000n\000:}{chapter.1}% 3
\BOOKMARK [1][-]{section.1.3}{\376\377\0001\000.\0003\000\040\000B\000o\000o\000k\000\040\000S\000o\000u\000r\000c\000e\000s}{chapter.1}% 4
\BOOKMARK [1][-]{section.1.4}{\376\377\0001\000.\0004\000\040\000F\000i\000x\000i\000n\000g\000\040\000t\000i\000m\000e\000s\000t\000e\000p\000s\000:}{chapter.1}% 5
\BOOKMARK [1][-]{section.1.5}{\376\377\0001\000.\0005\000\040\000G\000J\000K\000\040\000i\000m\000p\000l\000e\000m\000e\000n\000t\000a\000t\000i\000o\000n\000\040\000s\000o\000u\000r\000c\000e\000s\000:}{chapter.1}% 6
\BOOKMARK [1][-]{section.1.6}{\376\377\0001\000.\0006\000\040\000S\000e\000g\000m\000e\000n\000t\000-\000S\000e\000g\000m\000e\000n\000t\000\040\000m\000i\000n\000i\000m\000u\000m\000\040\000d\000i\000s\000t\000a\000n\000c\000e\000\040\000i\000m\000p\000l\000e\000m\000e\000n\000t\000a\000t\000i\000o\000n\000:}{chapter.1}% 7
\BOOKMARK [1][-]{section.1.7}{\376\377\0001\000.\0007\000\040\000T\000R\000E\000L\000L\000O}{chapter.1}% 8
\BOOKMARK [0][-]{chapter.2}{\376\377\0002\000\040\000N\000a\000m\000e\000s\000p\000a\000c\000e\000\040\000I\000n\000d\000e\000x}{}% 9
\BOOKMARK [1][-]{section.2.1}{\376\377\0002\000.\0001\000\040\000N\000a\000m\000e\000s\000p\000a\000c\000e\000\040\000L\000i\000s\000t}{chapter.2}% 10
\BOOKMARK [0][-]{chapter.3}{\376\377\0003\000\040\000H\000i\000e\000r\000a\000r\000c\000h\000i\000c\000a\000l\000\040\000I\000n\000d\000e\000x}{}% 11
\BOOKMARK [1][-]{section.3.1}{\376\377\0003\000.\0001\000\040\000C\000l\000a\000s\000s\000\040\000H\000i\000e\000r\000a\000r\000c\000h\000y}{chapter.3}% 12
\BOOKMARK [0][-]{chapter.4}{\376\377\0004\000\040\000C\000l\000a\000s\000s\000\040\000I\000n\000d\000e\000x}{}% 13
\BOOKMARK [1][-]{section.4.1}{\376\377\0004\000.\0001\000\040\000C\000l\000a\000s\000s\000\040\000L\000i\000s\000t}{chapter.4}% 14
\BOOKMARK [0][-]{chapter.5}{\376\377\0005\000\040\000N\000a\000m\000e\000s\000p\000a\000c\000e\000\040\000D\000o\000c\000u\000m\000e\000n\000t\000a\000t\000i\000o\000n}{}% 15
\BOOKMARK [1][-]{section.5.1}{\376\377\0005\000.\0001\000\040\000m\000t\000r\000x\000\040\000N\000a\000m\000e\000s\000p\000a\000c\000e\000\040\000R\000e\000f\000e\000r\000e\000n\000c\000e}{chapter.5}% 16
\BOOKMARK [2][-]{subsection.5.1.1}{\376\377\0005\000.\0001\000.\0001\000\040\000D\000e\000t\000a\000i\000l\000e\000d\000\040\000D\000e\000s\000c\000r\000i\000p\000t\000i\000o\000n}{section.5.1}% 17
\BOOKMARK [2][-]{subsection.5.1.2}{\376\377\0005\000.\0001\000.\0002\000\040\000F\000u\000n\000c\000t\000i\000o\000n\000\040\000D\000o\000c\000u\000m\000e\000n\000t\000a\000t\000i\000o\000n}{section.5.1}% 18
\BOOKMARK [3][-]{subsubsection.5.1.2.1}{\376\377\0005\000.\0001\000.\0002\000.\0001\000\040\000G\000e\000n\000e\000r\000a\000t\000e\000C\000u\000b\000o\000i\000d\000I\000T\000\050\000\051}{subsection.5.1.2}% 19
\BOOKMARK [3][-]{subsubsection.5.1.2.2}{\376\377\0005\000.\0001\000.\0002\000.\0002\000\040\000G\000e\000n\000e\000r\000a\000t\000e\000S\000p\000h\000e\000r\000e\000I\000T\000\050\000\051}{subsection.5.1.2}% 20
\BOOKMARK [3][-]{subsubsection.5.1.2.3}{\376\377\0005\000.\0001\000.\0002\000.\0003\000\040\000R\000a\000n\000d\000o\000m\000I\000n\000t\000\050\000\051}{subsection.5.1.2}% 21
\BOOKMARK [1][-]{section.5.2}{\376\377\0005\000.\0002\000\040\000m\000t\000r\000x\000:\000:\000C\000o\000l\000l\000i\000d\000e\000r\000D\000e\000t\000e\000c\000t\000i\000o\000n\000U\000t\000i\000l\000\040\000N\000a\000m\000e\000s\000p\000a\000c\000e\000\040\000R\000e\000f\000e\000r\000e\000n\000c\000e}{chapter.5}% 22
\BOOKMARK [2][-]{subsection.5.2.1}{\376\377\0005\000.\0002\000.\0001\000\040\000D\000e\000t\000a\000i\000l\000e\000d\000\040\000D\000e\000s\000c\000r\000i\000p\000t\000i\000o\000n}{section.5.2}% 23
\BOOKMARK [2][-]{subsection.5.2.2}{\376\377\0005\000.\0002\000.\0002\000\040\000F\000u\000n\000c\000t\000i\000o\000n\000\040\000D\000o\000c\000u\000m\000e\000n\000t\000a\000t\000i\000o\000n}{section.5.2}% 24
\BOOKMARK [3][-]{subsubsection.5.2.2.1}{\376\377\0005\000.\0002\000.\0002\000.\0001\000\040\000A\000A\000B\000B\000C\000o\000l\000l\000i\000s\000i\000o\000n\000O\000p\000t\000i\000o\000n\000s\000\050\000\051}{subsection.5.2.2}% 25
\BOOKMARK [3][-]{subsubsection.5.2.2.2}{\376\377\0005\000.\0002\000.\0002\000.\0002\000\040\000C\000a\000p\000s\000u\000l\000e\000C\000o\000l\000l\000i\000s\000i\000o\000n\000O\000p\000t\000i\000o\000n\000s\000\050\000\051}{subsection.5.2.2}% 26
\BOOKMARK [3][-]{subsubsection.5.2.2.3}{\376\377\0005\000.\0002\000.\0002\000.\0003\000\040\000C\000o\000l\000l\000i\000d\000e\000\050\000\051}{subsection.5.2.2}% 27
\BOOKMARK [3][-]{subsubsection.5.2.2.4}{\376\377\0005\000.\0002\000.\0002\000.\0004\000\040\000C\000o\000n\000v\000e\000x\000S\000h\000a\000p\000e\000C\000o\000l\000l\000i\000s\000i\000o\000n\000O\000p\000t\000i\000o\000n\000s\000\050\000\051}{subsection.5.2.2}% 28
\BOOKMARK [3][-]{subsubsection.5.2.2.5}{\376\377\0005\000.\0002\000.\0002\000.\0005\000\040\000O\000O\000B\000B\000C\000o\000l\000l\000i\000s\000i\000o\000n\000O\000p\000t\000i\000o\000n\000s\000\050\000\051}{subsection.5.2.2}% 29
\BOOKMARK [3][-]{subsubsection.5.2.2.6}{\376\377\0005\000.\0002\000.\0002\000.\0006\000\040\000S\000p\000h\000e\000r\000e\000C\000o\000l\000l\000i\000s\000i\000o\000n\000O\000p\000t\000i\000o\000n\000s\000\050\000\051}{subsection.5.2.2}% 30
\BOOKMARK [1][-]{section.5.3}{\376\377\0005\000.\0003\000\040\000m\000t\000r\000x\000:\000:\000C\000o\000l\000l\000i\000s\000i\000o\000n\000U\000t\000i\000l\000\040\000N\000a\000m\000e\000s\000p\000a\000c\000e\000\040\000R\000e\000f\000e\000r\000e\000n\000c\000e}{chapter.5}% 31
\BOOKMARK [2][-]{subsection.5.3.1}{\376\377\0005\000.\0003\000.\0001\000\040\000D\000e\000t\000a\000i\000l\000e\000d\000\040\000D\000e\000s\000c\000r\000i\000p\000t\000i\000o\000n}{section.5.3}% 32
\BOOKMARK [2][-]{subsection.5.3.2}{\376\377\0005\000.\0003\000.\0002\000\040\000F\000u\000n\000c\000t\000i\000o\000n\000\040\000D\000o\000c\000u\000m\000e\000n\000t\000a\000t\000i\000o\000n}{section.5.3}% 33
\BOOKMARK [3][-]{subsubsection.5.3.2.1}{\376\377\0005\000.\0003\000.\0002\000.\0001\000\040\000A\000A\000B\000B\000C\000o\000l\000l\000i\000s\000i\000o\000n\000\050\000\051}{subsection.5.3.2}% 34
\BOOKMARK [3][-]{subsubsection.5.3.2.2}{\376\377\0005\000.\0003\000.\0002\000.\0002\000\040\000A\000A\000B\000B\000O\000O\000B\000B\000C\000o\000l\000l\000i\000s\000i\000o\000n\000\050\000\051}{subsection.5.3.2}% 35
\BOOKMARK [3][-]{subsubsection.5.3.2.3}{\376\377\0005\000.\0003\000.\0002\000.\0003\000\040\000C\000a\000p\000s\000u\000l\000e\000A\000A\000B\000B\000C\000o\000l\000l\000i\000s\000i\000o\000n\000\050\000\051}{subsection.5.3.2}% 36
\BOOKMARK [3][-]{subsubsection.5.3.2.4}{\376\377\0005\000.\0003\000.\0002\000.\0004\000\040\000C\000a\000p\000s\000u\000l\000e\000C\000a\000p\000s\000u\000l\000e\000C\000o\000l\000l\000i\000s\000i\000o\000n\000\050\000\051}{subsection.5.3.2}% 37
\BOOKMARK [3][-]{subsubsection.5.3.2.5}{\376\377\0005\000.\0003\000.\0002\000.\0005\000\040\000C\000a\000p\000s\000u\000l\000e\000O\000O\000B\000B\000C\000o\000l\000l\000i\000s\000i\000o\000n\000\050\000\051}{subsection.5.3.2}% 38
\BOOKMARK [3][-]{subsubsection.5.3.2.6}{\376\377\0005\000.\0003\000.\0002\000.\0006\000\040\000C\000o\000n\000v\000e\000x\000S\000h\000a\000p\000e\000C\000a\000p\000s\000u\000l\000e\000C\000o\000l\000l\000i\000s\000i\000o\000n\000\050\000\051}{subsection.5.3.2}% 39
\BOOKMARK [3][-]{subsubsection.5.3.2.7}{\376\377\0005\000.\0003\000.\0002\000.\0007\000\040\000C\000o\000n\000v\000e\000x\000S\000h\000a\000p\000e\000C\000o\000l\000l\000i\000s\000i\000o\000n\000\050\000\051}{subsection.5.3.2}% 40
\BOOKMARK [3][-]{subsubsection.5.3.2.8}{\376\377\0005\000.\0003\000.\0002\000.\0008\000\040\000C\000o\000n\000v\000e\000x\000S\000h\000a\000p\000e\000S\000p\000h\000e\000r\000e\000C\000o\000l\000l\000i\000s\000i\000o\000n\000\050\000\051}{subsection.5.3.2}% 41
\BOOKMARK [3][-]{subsubsection.5.3.2.9}{\376\377\0005\000.\0003\000.\0002\000.\0009\000\040\000O\000O\000B\000B\000C\000o\000l\000l\000i\000s\000i\000o\000n\000\050\000\051}{subsection.5.3.2}% 42
\BOOKMARK [3][-]{subsubsection.5.3.2.10}{\376\377\0005\000.\0003\000.\0002\000.\0001\0000\000\040\000S\000p\000h\000e\000r\000e\000A\000A\000B\000B\000C\000o\000l\000l\000i\000s\000i\000o\000n\000\050\000\051}{subsection.5.3.2}% 43
\BOOKMARK [3][-]{subsubsection.5.3.2.11}{\376\377\0005\000.\0003\000.\0002\000.\0001\0001\000\040\000S\000p\000h\000e\000r\000e\000C\000a\000p\000s\000u\000l\000e\000C\000o\000l\000l\000i\000s\000i\000o\000n\000\050\000\051}{subsection.5.3.2}% 44
\BOOKMARK [3][-]{subsubsection.5.3.2.12}{\376\377\0005\000.\0003\000.\0002\000.\0001\0002\000\040\000S\000p\000h\000e\000r\000e\000O\000O\000B\000B\000C\000o\000l\000l\000i\000s\000i\000o\000n\000\050\000\051}{subsection.5.3.2}% 45
\BOOKMARK [3][-]{subsubsection.5.3.2.13}{\376\377\0005\000.\0003\000.\0002\000.\0001\0003\000\040\000S\000p\000h\000e\000r\000e\000S\000p\000h\000e\000r\000e\000C\000o\000l\000l\000i\000s\000i\000o\000n\000\050\000\051}{subsection.5.3.2}% 46
\BOOKMARK [1][-]{section.5.4}{\376\377\0005\000.\0004\000\040\000m\000t\000r\000x\000:\000:\000P\000h\000y\000s\000i\000c\000s\000U\000t\000i\000l\000\040\000N\000a\000m\000e\000s\000p\000a\000c\000e\000\040\000R\000e\000f\000e\000r\000e\000n\000c\000e}{chapter.5}% 47
\BOOKMARK [2][-]{subsection.5.4.1}{\376\377\0005\000.\0004\000.\0001\000\040\000D\000e\000t\000a\000i\000l\000e\000d\000\040\000D\000e\000s\000c\000r\000i\000p\000t\000i\000o\000n}{section.5.4}% 48
\BOOKMARK [2][-]{subsection.5.4.2}{\376\377\0005\000.\0004\000.\0002\000\040\000F\000u\000n\000c\000t\000i\000o\000n\000\040\000D\000o\000c\000u\000m\000e\000n\000t\000a\000t\000i\000o\000n}{section.5.4}% 49
\BOOKMARK [3][-]{subsubsection.5.4.2.1}{\376\377\0005\000.\0004\000.\0002\000.\0001\000\040\000E\000a\000s\000e\000\050\000\051}{subsection.5.4.2}% 50
\BOOKMARK [3][-]{subsubsection.5.4.2.2}{\376\377\0005\000.\0004\000.\0002\000.\0002\000\040\000L\000e\000r\000p\000\050\000\051}{subsection.5.4.2}% 51
\BOOKMARK [3][-]{subsubsection.5.4.2.3}{\376\377\0005\000.\0004\000.\0002\000.\0003\000\040\000M\000i\000n\000D\000i\000s\000t\000a\000n\000c\000e\000S\000q\000u\000a\000r\000e\000d\000L\000i\000n\000e\000S\000e\000g\000m\000e\000n\000t\000R\000a\000y\000\050\000\051}{subsection.5.4.2}% 52
\BOOKMARK [3][-]{subsubsection.5.4.2.4}{\376\377\0005\000.\0004\000.\0002\000.\0004\000\040\000M\000i\000n\000D\000i\000s\000t\000a\000n\000c\000e\000S\000q\000u\000a\000r\000e\000d\000L\000i\000n\000e\000S\000e\000g\000m\000e\000n\000t\000T\000r\000i\000a\000n\000g\000l\000e\000\050\000\051}{subsection.5.4.2}% 53
\BOOKMARK [3][-]{subsubsection.5.4.2.5}{\376\377\0005\000.\0004\000.\0002\000.\0005\000\040\000M\000i\000n\000D\000i\000s\000t\000a\000n\000c\000e\000S\000q\000u\000a\000r\000e\000d\000P\000o\000i\000n\000t\000A\000A\000B\000B\000\050\000\051}{subsection.5.4.2}% 54
\BOOKMARK [3][-]{subsubsection.5.4.2.6}{\376\377\0005\000.\0004\000.\0002\000.\0006\000\040\000M\000i\000n\000D\000i\000s\000t\000a\000n\000c\000e\000S\000q\000u\000a\000r\000e\000d\000P\000o\000i\000n\000t\000R\000a\000y\000\050\000\051}{subsection.5.4.2}% 55
\BOOKMARK [3][-]{subsubsection.5.4.2.7}{\376\377\0005\000.\0004\000.\0002\000.\0007\000\040\000M\000i\000n\000D\000i\000s\000t\000a\000n\000c\000e\000S\000q\000u\000a\000r\000e\000d\000P\000o\000i\000n\000t\000S\000e\000g\000m\000e\000n\000t\000\050\000\051}{subsection.5.4.2}% 56
\BOOKMARK [3][-]{subsubsection.5.4.2.8}{\376\377\0005\000.\0004\000.\0002\000.\0008\000\040\000M\000i\000n\000D\000i\000s\000t\000a\000n\000c\000e\000S\000q\000u\000a\000r\000e\000d\000P\000o\000i\000n\000t\000T\000r\000i\000a\000n\000g\000l\000e\000\050\000\051}{subsection.5.4.2}% 57
\BOOKMARK [3][-]{subsubsection.5.4.2.9}{\376\377\0005\000.\0004\000.\0002\000.\0009\000\040\000M\000i\000n\000D\000i\000s\000t\000a\000n\000c\000e\000S\000q\000u\000a\000r\000e\000d\000T\000w\000o\000S\000e\000g\000m\000e\000n\000t\000s\000\050\000\051}{subsection.5.4.2}% 58
\BOOKMARK [3][-]{subsubsection.5.4.2.10}{\376\377\0005\000.\0004\000.\0002\000.\0001\0000\000\040\000M\000i\000n\000D\000i\000s\000t\000a\000n\000c\000e\000T\000w\000o\000L\000i\000n\000e\000s\000\050\000\051}{subsection.5.4.2}% 59
\BOOKMARK [3][-]{subsubsection.5.4.2.11}{\376\377\0005\000.\0004\000.\0002\000.\0001\0001\000\040\000S\000l\000e\000r\000p\000\050\000\051}{subsection.5.4.2}% 60
\BOOKMARK [3][-]{subsubsection.5.4.2.12}{\376\377\0005\000.\0004\000.\0002\000.\0001\0002\000\040\000T\000r\000i\000a\000n\000g\000u\000l\000a\000t\000e\000C\000o\000n\000v\000e\000x\000S\000h\000a\000p\000e\000\050\000\051}{subsection.5.4.2}% 61
\BOOKMARK [3][-]{subsubsection.5.4.2.13}{\376\377\0005\000.\0004\000.\0002\000.\0001\0003\000\040\000T\000r\000i\000p\000l\000e\000C\000r\000o\000s\000s\000\050\000\051}{subsection.5.4.2}% 62
\BOOKMARK [1][-]{section.5.5}{\376\377\0005\000.\0005\000\040\000m\000t\000r\000x\000:\000:\000R\000a\000y\000c\000a\000s\000t\000C\000o\000l\000l\000i\000s\000i\000o\000n\000U\000t\000i\000l\000\040\000N\000a\000m\000e\000s\000p\000a\000c\000e\000\040\000R\000e\000f\000e\000r\000e\000n\000c\000e}{chapter.5}% 63
\BOOKMARK [2][-]{subsection.5.5.1}{\376\377\0005\000.\0005\000.\0001\000\040\000D\000e\000t\000a\000i\000l\000e\000d\000\040\000D\000e\000s\000c\000r\000i\000p\000t\000i\000o\000n}{section.5.5}% 64
\BOOKMARK [2][-]{subsection.5.5.2}{\376\377\0005\000.\0005\000.\0002\000\040\000F\000u\000n\000c\000t\000i\000o\000n\000\040\000D\000o\000c\000u\000m\000e\000n\000t\000a\000t\000i\000o\000n}{section.5.5}% 65
\BOOKMARK [3][-]{subsubsection.5.5.2.1}{\376\377\0005\000.\0005\000.\0002\000.\0001\000\040\000R\000a\000y\000A\000A\000B\000B\000C\000o\000l\000l\000i\000s\000i\000o\000n\000\050\000\051}{subsection.5.5.2}% 66
\BOOKMARK [3][-]{subsubsection.5.5.2.2}{\376\377\0005\000.\0005\000.\0002\000.\0002\000\040\000R\000a\000y\000C\000a\000p\000s\000u\000l\000e\000C\000o\000l\000l\000i\000s\000i\000o\000n\000\050\000\051}{subsection.5.5.2}% 67
\BOOKMARK [3][-]{subsubsection.5.5.2.3}{\376\377\0005\000.\0005\000.\0002\000.\0003\000\040\000R\000a\000y\000c\000a\000s\000t\000F\000i\000l\000t\000e\000r\000e\000d\000\050\000\051}{subsection.5.5.2}% 68
\BOOKMARK [3][-]{subsubsection.5.5.2.4}{\376\377\0005\000.\0005\000.\0002\000.\0004\000\040\000R\000a\000y\000c\000a\000s\000t\000U\000n\000f\000i\000l\000t\000e\000r\000e\000d\000\050\000\051}{subsection.5.5.2}% 69
\BOOKMARK [3][-]{subsubsection.5.5.2.5}{\376\377\0005\000.\0005\000.\0002\000.\0005\000\040\000R\000a\000y\000S\000p\000h\000e\000r\000e\000C\000o\000l\000l\000i\000s\000i\000o\000n\000\050\000\051}{subsection.5.5.2}% 70
\BOOKMARK [0][-]{chapter.6}{\376\377\0006\000\040\000C\000l\000a\000s\000s\000\040\000D\000o\000c\000u\000m\000e\000n\000t\000a\000t\000i\000o\000n}{}% 71
\BOOKMARK [1][-]{section.6.1}{\376\377\0006\000.\0001\000\040\000m\000t\000r\000x\000:\000:\000A\000A\000B\000B\000C\000o\000l\000l\000i\000d\000e\000r\000\040\000C\000l\000a\000s\000s\000\040\000R\000e\000f\000e\000r\000e\000n\000c\000e}{chapter.6}% 72
\BOOKMARK [2][-]{subsection.6.1.1}{\376\377\0006\000.\0001\000.\0001\000\040\000D\000e\000t\000a\000i\000l\000e\000d\000\040\000D\000e\000s\000c\000r\000i\000p\000t\000i\000o\000n}{section.6.1}% 73
\BOOKMARK [2][-]{subsection.6.1.2}{\376\377\0006\000.\0001\000.\0002\000\040\000C\000o\000n\000s\000t\000r\000u\000c\000t\000o\000r\000\040\000\046\000\040\000D\000e\000s\000t\000r\000u\000c\000t\000o\000r\000\040\000D\000o\000c\000u\000m\000e\000n\000t\000a\000t\000i\000o\000n}{section.6.1}% 74
\BOOKMARK [3][-]{subsubsection.6.1.2.1}{\376\377\0006\000.\0001\000.\0002\000.\0001\000\040\000A\000A\000B\000B\000C\000o\000l\000l\000i\000d\000e\000r\000\050\000\051}{subsection.6.1.2}% 75
\BOOKMARK [3][-]{subsubsection.6.1.2.2}{\376\377\0006\000.\0001\000.\0002\000.\0002\000\040\000\040\000A\000A\000B\000B\000C\000o\000l\000l\000i\000d\000e\000r\000\050\000\051}{subsection.6.1.2}% 76
\BOOKMARK [2][-]{subsection.6.1.3}{\376\377\0006\000.\0001\000.\0003\000\040\000M\000e\000m\000b\000e\000r\000\040\000F\000u\000n\000c\000t\000i\000o\000n\000\040\000D\000o\000c\000u\000m\000e\000n\000t\000a\000t\000i\000o\000n}{section.6.1}% 77
\BOOKMARK [3][-]{subsubsection.6.1.3.1}{\376\377\0006\000.\0001\000.\0003\000.\0001\000\040\000G\000e\000t\000A\000x\000e\000s\000\050\000\051}{subsection.6.1.3}% 78
\BOOKMARK [3][-]{subsubsection.6.1.3.2}{\376\377\0006\000.\0001\000.\0003\000.\0002\000\040\000G\000e\000t\000H\000a\000l\000f\000E\000x\000t\000e\000n\000t\000s\000\050\000\051\000\040\000[\0001\000/\0002\000]}{subsection.6.1.3}% 79
\BOOKMARK [3][-]{subsubsection.6.1.3.3}{\376\377\0006\000.\0001\000.\0003\000.\0003\000\040\000G\000e\000t\000H\000a\000l\000f\000E\000x\000t\000e\000n\000t\000s\000\050\000\051\000\040\000[\0002\000/\0002\000]}{subsection.6.1.3}% 80
\BOOKMARK [3][-]{subsubsection.6.1.3.4}{\376\377\0006\000.\0001\000.\0003\000.\0004\000\040\000G\000e\000t\000S\000i\000z\000e\000\050\000\051}{subsection.6.1.3}% 81
\BOOKMARK [3][-]{subsubsection.6.1.3.5}{\376\377\0006\000.\0001\000.\0003\000.\0005\000\040\000R\000a\000y\000c\000a\000s\000t\000C\000o\000l\000l\000i\000s\000i\000o\000n\000\050\000\051}{subsection.6.1.3}% 82
\BOOKMARK [3][-]{subsubsection.6.1.3.6}{\376\377\0006\000.\0001\000.\0003\000.\0006\000\040\000S\000e\000t\000O\000r\000i\000e\000n\000t\000a\000t\000i\000o\000n\000\050\000\051}{subsection.6.1.3}% 83
\BOOKMARK [3][-]{subsubsection.6.1.3.7}{\376\377\0006\000.\0001\000.\0003\000.\0007\000\040\000S\000e\000t\000S\000c\000a\000l\000e\000\050\000\051}{subsection.6.1.3}% 84
\BOOKMARK [1][-]{section.6.2}{\376\377\0006\000.\0002\000\040\000m\000t\000r\000x\000:\000:\000B\000o\000d\000y\000\040\000C\000l\000a\000s\000s\000\040\000R\000e\000f\000e\000r\000e\000n\000c\000e}{chapter.6}% 85
\BOOKMARK [2][-]{subsection.6.2.1}{\376\377\0006\000.\0002\000.\0001\000\040\000D\000e\000t\000a\000i\000l\000e\000d\000\040\000D\000e\000s\000c\000r\000i\000p\000t\000i\000o\000n}{section.6.2}% 86
\BOOKMARK [2][-]{subsection.6.2.2}{\376\377\0006\000.\0002\000.\0002\000\040\000C\000o\000n\000s\000t\000r\000u\000c\000t\000o\000r\000\040\000\046\000\040\000D\000e\000s\000t\000r\000u\000c\000t\000o\000r\000\040\000D\000o\000c\000u\000m\000e\000n\000t\000a\000t\000i\000o\000n}{section.6.2}% 87
\BOOKMARK [3][-]{subsubsection.6.2.2.1}{\376\377\0006\000.\0002\000.\0002\000.\0001\000\040\000B\000o\000d\000y\000\050\000\051}{subsection.6.2.2}% 88
\BOOKMARK [3][-]{subsubsection.6.2.2.2}{\376\377\0006\000.\0002\000.\0002\000.\0002\000\040\000\040\000B\000o\000d\000y\000\050\000\051}{subsection.6.2.2}% 89
\BOOKMARK [2][-]{subsection.6.2.3}{\376\377\0006\000.\0002\000.\0003\000\040\000M\000e\000m\000b\000e\000r\000\040\000F\000u\000n\000c\000t\000i\000o\000n\000\040\000D\000o\000c\000u\000m\000e\000n\000t\000a\000t\000i\000o\000n}{section.6.2}% 90
\BOOKMARK [3][-]{subsubsection.6.2.3.1}{\376\377\0006\000.\0002\000.\0003\000.\0001\000\040\000A\000d\000d\000F\000o\000r\000c\000e\000\050\000\051}{subsection.6.2.3}% 91
\BOOKMARK [3][-]{subsubsection.6.2.3.2}{\376\377\0006\000.\0002\000.\0003\000.\0002\000\040\000C\000l\000e\000a\000r\000A\000c\000c\000u\000m\000u\000l\000a\000t\000o\000r\000s\000\050\000\051}{subsection.6.2.3}% 92
\BOOKMARK [3][-]{subsubsection.6.2.3.3}{\376\377\0006\000.\0002\000.\0003\000.\0003\000\040\000G\000e\000t\000A\000c\000c\000e\000l\000e\000r\000a\000t\000i\000o\000n\000\050\000\051}{subsection.6.2.3}% 93
\BOOKMARK [3][-]{subsubsection.6.2.3.4}{\376\377\0006\000.\0002\000.\0003\000.\0004\000\040\000G\000e\000t\000A\000c\000c\000u\000m\000F\000o\000r\000c\000e\000s\000\050\000\051}{subsection.6.2.3}% 94
\BOOKMARK [3][-]{subsubsection.6.2.3.5}{\376\377\0006\000.\0002\000.\0003\000.\0005\000\040\000G\000e\000t\000D\000a\000m\000p\000i\000n\000g\000\050\000\051}{subsection.6.2.3}% 95
\BOOKMARK [3][-]{subsubsection.6.2.3.6}{\376\377\0006\000.\0002\000.\0003\000.\0006\000\040\000G\000e\000t\000I\000n\000v\000e\000r\000s\000e\000M\000a\000s\000s\000\050\000\051}{subsection.6.2.3}% 96
\BOOKMARK [3][-]{subsubsection.6.2.3.7}{\376\377\0006\000.\0002\000.\0003\000.\0007\000\040\000G\000e\000t\000I\000s\000I\000n\000f\000i\000n\000i\000t\000e\000M\000a\000s\000s\000\050\000\051}{subsection.6.2.3}% 97
\BOOKMARK [3][-]{subsubsection.6.2.3.8}{\376\377\0006\000.\0002\000.\0003\000.\0008\000\040\000G\000e\000t\000M\000a\000s\000s\000\050\000\051}{subsection.6.2.3}% 98
\BOOKMARK [3][-]{subsubsection.6.2.3.9}{\376\377\0006\000.\0002\000.\0003\000.\0009\000\040\000G\000e\000t\000O\000r\000i\000e\000n\000t\000a\000t\000i\000o\000n\000\050\000\051}{subsection.6.2.3}% 99
\BOOKMARK [3][-]{subsubsection.6.2.3.10}{\376\377\0006\000.\0002\000.\0003\000.\0001\0000\000\040\000G\000e\000t\000P\000o\000s\000i\000t\000i\000o\000n\000\050\000\051}{subsection.6.2.3}% 100
\BOOKMARK [3][-]{subsubsection.6.2.3.11}{\376\377\0006\000.\0002\000.\0003\000.\0001\0001\000\040\000G\000e\000t\000T\000r\000a\000n\000s\000f\000o\000r\000m\000\050\000\051}{subsection.6.2.3}% 101
\BOOKMARK [3][-]{subsubsection.6.2.3.12}{\376\377\0006\000.\0002\000.\0003\000.\0001\0002\000\040\000G\000e\000t\000V\000e\000l\000o\000c\000i\000t\000y\000\050\000\051}{subsection.6.2.3}% 102
\BOOKMARK [3][-]{subsubsection.6.2.3.13}{\376\377\0006\000.\0002\000.\0003\000.\0001\0003\000\040\000I\000n\000t\000e\000g\000r\000a\000t\000e\000\050\000\051}{subsection.6.2.3}% 103
\BOOKMARK [3][-]{subsubsection.6.2.3.14}{\376\377\0006\000.\0002\000.\0003\000.\0001\0004\000\040\000S\000e\000t\000A\000c\000c\000e\000l\000e\000r\000a\000t\000i\000o\000n\000\050\000\051}{subsection.6.2.3}% 104
\BOOKMARK [3][-]{subsubsection.6.2.3.15}{\376\377\0006\000.\0002\000.\0003\000.\0001\0005\000\040\000S\000e\000t\000I\000n\000v\000e\000r\000s\000e\000M\000a\000s\000s\000\050\000\051}{subsection.6.2.3}% 105
\BOOKMARK [3][-]{subsubsection.6.2.3.16}{\376\377\0006\000.\0002\000.\0003\000.\0001\0006\000\040\000S\000e\000t\000L\000i\000n\000e\000a\000r\000D\000a\000m\000p\000i\000n\000g\000\050\000\051}{subsection.6.2.3}% 106
\BOOKMARK [3][-]{subsubsection.6.2.3.17}{\376\377\0006\000.\0002\000.\0003\000.\0001\0007\000\040\000S\000e\000t\000M\000a\000s\000s\000\050\000\051}{subsection.6.2.3}% 107
\BOOKMARK [3][-]{subsubsection.6.2.3.18}{\376\377\0006\000.\0002\000.\0003\000.\0001\0008\000\040\000S\000e\000t\000P\000o\000s\000i\000t\000i\000o\000n\000\050\000\051}{subsection.6.2.3}% 108
\BOOKMARK [3][-]{subsubsection.6.2.3.19}{\376\377\0006\000.\0002\000.\0003\000.\0001\0009\000\040\000S\000e\000t\000V\000e\000l\000o\000c\000i\000t\000y\000\050\000\051}{subsection.6.2.3}% 109
\BOOKMARK [1][-]{section.6.3}{\376\377\0006\000.\0003\000\040\000m\000t\000r\000x\000:\000:\000B\000V\000H\000N\000o\000d\000e\000<\000\040\000B\000o\000u\000n\000d\000i\000n\000g\000V\000o\000l\000u\000m\000e\000\040\000>\000\040\000C\000l\000a\000s\000s\000\040\000T\000e\000m\000p\000l\000a\000t\000e\000\040\000R\000e\000f\000e\000r\000e\000n\000c\000e}{chapter.6}% 110
\BOOKMARK [2][-]{subsection.6.3.1}{\376\377\0006\000.\0003\000.\0001\000\040\000D\000e\000t\000a\000i\000l\000e\000d\000\040\000D\000e\000s\000c\000r\000i\000p\000t\000i\000o\000n}{section.6.3}% 111
\BOOKMARK [2][-]{subsection.6.3.2}{\376\377\0006\000.\0003\000.\0002\000\040\000C\000o\000n\000s\000t\000r\000u\000c\000t\000o\000r\000\040\000\046\000\040\000D\000e\000s\000t\000r\000u\000c\000t\000o\000r\000\040\000D\000o\000c\000u\000m\000e\000n\000t\000a\000t\000i\000o\000n}{section.6.3}% 112
\BOOKMARK [3][-]{subsubsection.6.3.2.1}{\376\377\0006\000.\0003\000.\0002\000.\0001\000\040\000B\000V\000H\000N\000o\000d\000e\000\050\000\051\000\040\000[\0001\000/\0002\000]}{subsection.6.3.2}% 113
\BOOKMARK [3][-]{subsubsection.6.3.2.2}{\376\377\0006\000.\0003\000.\0002\000.\0002\000\040\000B\000V\000H\000N\000o\000d\000e\000\050\000\051\000\040\000[\0002\000/\0002\000]}{subsection.6.3.2}% 114
\BOOKMARK [3][-]{subsubsection.6.3.2.3}{\376\377\0006\000.\0003\000.\0002\000.\0003\000\040\000\040\000B\000V\000H\000N\000o\000d\000e\000\050\000\051}{subsection.6.3.2}% 115
\BOOKMARK [2][-]{subsection.6.3.3}{\376\377\0006\000.\0003\000.\0003\000\040\000M\000e\000m\000b\000e\000r\000\040\000F\000u\000n\000c\000t\000i\000o\000n\000\040\000D\000o\000c\000u\000m\000e\000n\000t\000a\000t\000i\000o\000n}{section.6.3}% 116
\BOOKMARK [3][-]{subsubsection.6.3.3.1}{\376\377\0006\000.\0003\000.\0003\000.\0001\000\040\000D\000e\000s\000c\000e\000n\000d\000A\000\050\000\051}{subsection.6.3.3}% 117
\BOOKMARK [3][-]{subsubsection.6.3.3.2}{\376\377\0006\000.\0003\000.\0003\000.\0002\000\040\000G\000e\000t\000P\000o\000t\000e\000n\000t\000i\000a\000l\000C\000o\000n\000t\000a\000c\000t\000s\000\050\000\051}{subsection.6.3.3}% 118
\BOOKMARK [3][-]{subsubsection.6.3.3.3}{\376\377\0006\000.\0003\000.\0003\000.\0003\000\040\000I\000n\000s\000e\000r\000t\000\050\000\051}{subsection.6.3.3}% 119
\BOOKMARK [3][-]{subsubsection.6.3.3.4}{\376\377\0006\000.\0003\000.\0003\000.\0004\000\040\000I\000s\000C\000o\000l\000l\000i\000s\000i\000o\000n\000\050\000\051}{subsection.6.3.3}% 120
\BOOKMARK [3][-]{subsubsection.6.3.3.5}{\376\377\0006\000.\0003\000.\0003\000.\0005\000\040\000I\000s\000L\000e\000a\000f\000\050\000\051}{subsection.6.3.3}% 121
\BOOKMARK [3][-]{subsubsection.6.3.3.6}{\376\377\0006\000.\0003\000.\0003\000.\0006\000\040\000R\000e\000c\000a\000l\000c\000u\000l\000a\000t\000e\000B\000o\000u\000n\000d\000i\000n\000g\000V\000o\000l\000u\000m\000e\000\050\000\051}{subsection.6.3.3}% 122
\BOOKMARK [1][-]{section.6.4}{\376\377\0006\000.\0004\000\040\000m\000t\000r\000x\000:\000:\000C\000a\000p\000s\000u\000l\000e\000C\000o\000l\000l\000i\000d\000e\000r\000\040\000C\000l\000a\000s\000s\000\040\000R\000e\000f\000e\000r\000e\000n\000c\000e}{chapter.6}% 123
\BOOKMARK [2][-]{subsection.6.4.1}{\376\377\0006\000.\0004\000.\0001\000\040\000D\000e\000t\000a\000i\000l\000e\000d\000\040\000D\000e\000s\000c\000r\000i\000p\000t\000i\000o\000n}{section.6.4}% 124
\BOOKMARK [2][-]{subsection.6.4.2}{\376\377\0006\000.\0004\000.\0002\000\040\000C\000o\000n\000s\000t\000r\000u\000c\000t\000o\000r\000\040\000\046\000\040\000D\000e\000s\000t\000r\000u\000c\000t\000o\000r\000\040\000D\000o\000c\000u\000m\000e\000n\000t\000a\000t\000i\000o\000n}{section.6.4}% 125
\BOOKMARK [3][-]{subsubsection.6.4.2.1}{\376\377\0006\000.\0004\000.\0002\000.\0001\000\040\000C\000a\000p\000s\000u\000l\000e\000C\000o\000l\000l\000i\000d\000e\000r\000\050\000\051\000\040\000[\0001\000/\0002\000]}{subsection.6.4.2}% 126
\BOOKMARK [3][-]{subsubsection.6.4.2.2}{\376\377\0006\000.\0004\000.\0002\000.\0002\000\040\000C\000a\000p\000s\000u\000l\000e\000C\000o\000l\000l\000i\000d\000e\000r\000\050\000\051\000\040\000[\0002\000/\0002\000]}{subsection.6.4.2}% 127
\BOOKMARK [3][-]{subsubsection.6.4.2.3}{\376\377\0006\000.\0004\000.\0002\000.\0003\000\040\000\040\000C\000a\000p\000s\000u\000l\000e\000C\000o\000l\000l\000i\000d\000e\000r\000\050\000\051}{subsection.6.4.2}% 128
\BOOKMARK [2][-]{subsection.6.4.3}{\376\377\0006\000.\0004\000.\0003\000\040\000M\000e\000m\000b\000e\000r\000\040\000F\000u\000n\000c\000t\000i\000o\000n\000\040\000D\000o\000c\000u\000m\000e\000n\000t\000a\000t\000i\000o\000n}{section.6.4}% 129
\BOOKMARK [3][-]{subsubsection.6.4.3.1}{\376\377\0006\000.\0004\000.\0003\000.\0001\000\040\000G\000e\000t\000H\000e\000i\000g\000h\000t\000\050\000\051}{subsection.6.4.3}% 130
\BOOKMARK [3][-]{subsubsection.6.4.3.2}{\376\377\0006\000.\0004\000.\0003\000.\0002\000\040\000G\000e\000t\000R\000a\000d\000i\000i\000\050\000\051}{subsection.6.4.3}% 131
\BOOKMARK [3][-]{subsubsection.6.4.3.3}{\376\377\0006\000.\0004\000.\0003\000.\0003\000\040\000R\000a\000y\000c\000a\000s\000t\000C\000o\000l\000l\000i\000s\000i\000o\000n\000\050\000\051}{subsection.6.4.3}% 132
\BOOKMARK [3][-]{subsubsection.6.4.3.4}{\376\377\0006\000.\0004\000.\0003\000.\0004\000\040\000S\000e\000t\000H\000e\000i\000g\000h\000t\000\050\000\051}{subsection.6.4.3}% 133
\BOOKMARK [3][-]{subsubsection.6.4.3.5}{\376\377\0006\000.\0004\000.\0003\000.\0005\000\040\000S\000e\000t\000O\000r\000i\000e\000n\000t\000a\000t\000i\000o\000n\000\050\000\051}{subsection.6.4.3}% 134
\BOOKMARK [3][-]{subsubsection.6.4.3.6}{\376\377\0006\000.\0004\000.\0003\000.\0006\000\040\000S\000e\000t\000P\000o\000s\000i\000t\000i\000o\000n\000\050\000\051}{subsection.6.4.3}% 135
\BOOKMARK [3][-]{subsubsection.6.4.3.7}{\376\377\0006\000.\0004\000.\0003\000.\0007\000\040\000S\000e\000t\000R\000a\000d\000i\000i\000\050\000\051}{subsection.6.4.3}% 136
\BOOKMARK [3][-]{subsubsection.6.4.3.8}{\376\377\0006\000.\0004\000.\0003\000.\0008\000\040\000S\000e\000t\000S\000c\000a\000l\000e\000\050\000\051}{subsection.6.4.3}% 137
\BOOKMARK [1][-]{section.6.5}{\376\377\0006\000.\0005\000\040\000m\000t\000r\000x\000:\000:\000C\000o\000l\000l\000i\000d\000e\000r\000\040\000C\000l\000a\000s\000s\000\040\000R\000e\000f\000e\000r\000e\000n\000c\000e}{chapter.6}% 138
\BOOKMARK [2][-]{subsection.6.5.1}{\376\377\0006\000.\0005\000.\0001\000\040\000D\000e\000t\000a\000i\000l\000e\000d\000\040\000D\000e\000s\000c\000r\000i\000p\000t\000i\000o\000n}{section.6.5}% 139
\BOOKMARK [2][-]{subsection.6.5.2}{\376\377\0006\000.\0005\000.\0002\000\040\000C\000o\000n\000s\000t\000r\000u\000c\000t\000o\000r\000\040\000\046\000\040\000D\000e\000s\000t\000r\000u\000c\000t\000o\000r\000\040\000D\000o\000c\000u\000m\000e\000n\000t\000a\000t\000i\000o\000n}{section.6.5}% 140
\BOOKMARK [3][-]{subsubsection.6.5.2.1}{\376\377\0006\000.\0005\000.\0002\000.\0001\000\040\000C\000o\000l\000l\000i\000d\000e\000r\000\050\000\051\000\040\000[\0001\000/\0002\000]}{subsection.6.5.2}% 141
\BOOKMARK [3][-]{subsubsection.6.5.2.2}{\376\377\0006\000.\0005\000.\0002\000.\0002\000\040\000C\000o\000l\000l\000i\000d\000e\000r\000\050\000\051\000\040\000[\0002\000/\0002\000]}{subsection.6.5.2}% 142
\BOOKMARK [3][-]{subsubsection.6.5.2.3}{\376\377\0006\000.\0005\000.\0002\000.\0003\000\040\000\040\000C\000o\000l\000l\000i\000d\000e\000r\000\050\000\051}{subsection.6.5.2}% 143
\BOOKMARK [2][-]{subsection.6.5.3}{\376\377\0006\000.\0005\000.\0003\000\040\000M\000e\000m\000b\000e\000r\000\040\000F\000u\000n\000c\000t\000i\000o\000n\000\040\000D\000o\000c\000u\000m\000e\000n\000t\000a\000t\000i\000o\000n}{section.6.5}% 144
\BOOKMARK [3][-]{subsubsection.6.5.3.1}{\376\377\0006\000.\0005\000.\0003\000.\0001\000\040\000C\000h\000e\000c\000k\000C\000o\000l\000l\000i\000s\000i\000o\000n\000\050\000\051}{subsection.6.5.3}% 145
\BOOKMARK [3][-]{subsubsection.6.5.3.2}{\376\377\0006\000.\0005\000.\0003\000.\0002\000\040\000G\000e\000t\000C\000o\000l\000l\000i\000d\000e\000r\000I\000d\000\050\000\051}{subsection.6.5.3}% 146
\BOOKMARK [3][-]{subsubsection.6.5.3.3}{\376\377\0006\000.\0005\000.\0003\000.\0003\000\040\000G\000e\000t\000C\000o\000l\000l\000i\000d\000e\000r\000T\000y\000p\000e\000\050\000\051}{subsection.6.5.3}% 147
\BOOKMARK [3][-]{subsubsection.6.5.3.4}{\376\377\0006\000.\0005\000.\0003\000.\0004\000\040\000G\000e\000t\000F\000o\000r\000w\000a\000r\000d\000\050\000\051}{subsection.6.5.3}% 148
\BOOKMARK [3][-]{subsubsection.6.5.3.5}{\376\377\0006\000.\0005\000.\0003\000.\0005\000\040\000G\000e\000t\000O\000r\000i\000e\000n\000t\000a\000t\000i\000o\000n\000\050\000\051}{subsection.6.5.3}% 149
\BOOKMARK [3][-]{subsubsection.6.5.3.6}{\376\377\0006\000.\0005\000.\0003\000.\0006\000\040\000G\000e\000t\000P\000o\000s\000i\000t\000i\000o\000n\000\050\000\051}{subsection.6.5.3}% 150
\BOOKMARK [3][-]{subsubsection.6.5.3.7}{\376\377\0006\000.\0005\000.\0003\000.\0007\000\040\000G\000e\000t\000S\000c\000a\000l\000e\000\050\000\051}{subsection.6.5.3}% 151
\BOOKMARK [3][-]{subsubsection.6.5.3.8}{\376\377\0006\000.\0005\000.\0003\000.\0008\000\040\000G\000e\000t\000S\000i\000d\000e\000\050\000\051}{subsection.6.5.3}% 152
\BOOKMARK [3][-]{subsubsection.6.5.3.9}{\376\377\0006\000.\0005\000.\0003\000.\0009\000\040\000G\000e\000t\000U\000p\000\050\000\051}{subsection.6.5.3}% 153
\BOOKMARK [3][-]{subsubsection.6.5.3.10}{\376\377\0006\000.\0005\000.\0003\000.\0001\0000\000\040\000I\000s\000C\000o\000n\000v\000e\000x\000\050\000\051}{subsection.6.5.3}% 154
\BOOKMARK [3][-]{subsubsection.6.5.3.11}{\376\377\0006\000.\0005\000.\0003\000.\0001\0001\000\040\000R\000a\000y\000c\000a\000s\000t\000C\000o\000l\000l\000i\000s\000i\000o\000n\000\050\000\051}{subsection.6.5.3}% 155
\BOOKMARK [3][-]{subsubsection.6.5.3.12}{\376\377\0006\000.\0005\000.\0003\000.\0001\0002\000\040\000S\000e\000t\000O\000r\000i\000e\000n\000t\000a\000t\000i\000o\000n\000\050\000\051}{subsection.6.5.3}% 156
\BOOKMARK [3][-]{subsubsection.6.5.3.13}{\376\377\0006\000.\0005\000.\0003\000.\0001\0003\000\040\000S\000e\000t\000P\000o\000s\000i\000t\000i\000o\000n\000\050\000\051}{subsection.6.5.3}% 157
\BOOKMARK [3][-]{subsubsection.6.5.3.14}{\376\377\0006\000.\0005\000.\0003\000.\0001\0004\000\040\000S\000e\000t\000S\000c\000a\000l\000e\000\050\000\051}{subsection.6.5.3}% 158
\BOOKMARK [1][-]{section.6.6}{\376\377\0006\000.\0006\000\040\000m\000t\000r\000x\000:\000:\000C\000o\000l\000l\000i\000s\000i\000o\000n\000S\000y\000s\000t\000e\000m\000\040\000C\000l\000a\000s\000s\000\040\000R\000e\000f\000e\000r\000e\000n\000c\000e}{chapter.6}% 159
\BOOKMARK [2][-]{subsection.6.6.1}{\376\377\0006\000.\0006\000.\0001\000\040\000D\000e\000t\000a\000i\000l\000e\000d\000\040\000D\000e\000s\000c\000r\000i\000p\000t\000i\000o\000n}{section.6.6}% 160
\BOOKMARK [2][-]{subsection.6.6.2}{\376\377\0006\000.\0006\000.\0002\000\040\000C\000o\000n\000s\000t\000r\000u\000c\000t\000o\000r\000\040\000\046\000\040\000D\000e\000s\000t\000r\000u\000c\000t\000o\000r\000\040\000D\000o\000c\000u\000m\000e\000n\000t\000a\000t\000i\000o\000n}{section.6.6}% 161
\BOOKMARK [3][-]{subsubsection.6.6.2.1}{\376\377\0006\000.\0006\000.\0002\000.\0001\000\040\000C\000o\000l\000l\000i\000s\000i\000o\000n\000S\000y\000s\000t\000e\000m\000\050\000\051}{subsection.6.6.2}% 162
\BOOKMARK [1][-]{section.6.7}{\376\377\0006\000.\0007\000\040\000m\000t\000r\000x\000:\000:\000C\000o\000n\000v\000e\000x\000S\000h\000a\000p\000e\000C\000o\000l\000l\000i\000d\000e\000r\000\040\000C\000l\000a\000s\000s\000\040\000R\000e\000f\000e\000r\000e\000n\000c\000e}{chapter.6}% 163
\BOOKMARK [2][-]{subsection.6.7.1}{\376\377\0006\000.\0007\000.\0001\000\040\000D\000e\000t\000a\000i\000l\000e\000d\000\040\000D\000e\000s\000c\000r\000i\000p\000t\000i\000o\000n}{section.6.7}% 164
\BOOKMARK [2][-]{subsection.6.7.2}{\376\377\0006\000.\0007\000.\0002\000\040\000C\000o\000n\000s\000t\000r\000u\000c\000t\000o\000r\000\040\000\046\000\040\000D\000e\000s\000t\000r\000u\000c\000t\000o\000r\000\040\000D\000o\000c\000u\000m\000e\000n\000t\000a\000t\000i\000o\000n}{section.6.7}% 165
\BOOKMARK [3][-]{subsubsection.6.7.2.1}{\376\377\0006\000.\0007\000.\0002\000.\0001\000\040\000C\000o\000n\000v\000e\000x\000S\000h\000a\000p\000e\000C\000o\000l\000l\000i\000d\000e\000r\000\050\000\051\000\040\000[\0001\000/\0004\000]}{subsection.6.7.2}% 166
\BOOKMARK [3][-]{subsubsection.6.7.2.2}{\376\377\0006\000.\0007\000.\0002\000.\0002\000\040\000C\000o\000n\000v\000e\000x\000S\000h\000a\000p\000e\000C\000o\000l\000l\000i\000d\000e\000r\000\050\000\051\000\040\000[\0002\000/\0004\000]}{subsection.6.7.2}% 167
\BOOKMARK [3][-]{subsubsection.6.7.2.3}{\376\377\0006\000.\0007\000.\0002\000.\0003\000\040\000C\000o\000n\000v\000e\000x\000S\000h\000a\000p\000e\000C\000o\000l\000l\000i\000d\000e\000r\000\050\000\051\000\040\000[\0003\000/\0004\000]}{subsection.6.7.2}% 168
\BOOKMARK [3][-]{subsubsection.6.7.2.4}{\376\377\0006\000.\0007\000.\0002\000.\0004\000\040\000C\000o\000n\000v\000e\000x\000S\000h\000a\000p\000e\000C\000o\000l\000l\000i\000d\000e\000r\000\050\000\051\000\040\000[\0004\000/\0004\000]}{subsection.6.7.2}% 169
\BOOKMARK [3][-]{subsubsection.6.7.2.5}{\376\377\0006\000.\0007\000.\0002\000.\0005\000\040\000\040\000C\000o\000n\000v\000e\000x\000S\000h\000a\000p\000e\000C\000o\000l\000l\000i\000d\000e\000r\000\050\000\051}{subsection.6.7.2}% 170
\BOOKMARK [2][-]{subsection.6.7.3}{\376\377\0006\000.\0007\000.\0003\000\040\000M\000e\000m\000b\000e\000r\000\040\000F\000u\000n\000c\000t\000i\000o\000n\000\040\000D\000o\000c\000u\000m\000e\000n\000t\000a\000t\000i\000o\000n}{section.6.7}% 171
\BOOKMARK [3][-]{subsubsection.6.7.3.1}{\376\377\0006\000.\0007\000.\0003\000.\0001\000\040\000G\000e\000t\000M\000o\000d\000e\000l\000M\000a\000t\000r\000i\000x\000\050\000\051}{subsection.6.7.3}% 172
\BOOKMARK [3][-]{subsubsection.6.7.3.2}{\376\377\0006\000.\0007\000.\0003\000.\0002\000\040\000G\000e\000t\000V\000e\000r\000t\000i\000c\000e\000s\000\050\000\051}{subsection.6.7.3}% 173
\BOOKMARK [3][-]{subsubsection.6.7.3.3}{\376\377\0006\000.\0007\000.\0003\000.\0003\000\040\000R\000a\000y\000c\000a\000s\000t\000C\000o\000l\000l\000i\000s\000i\000o\000n\000\050\000\051}{subsection.6.7.3}% 174
\BOOKMARK [3][-]{subsubsection.6.7.3.4}{\376\377\0006\000.\0007\000.\0003\000.\0004\000\040\000S\000e\000t\000O\000r\000i\000e\000n\000t\000a\000t\000i\000o\000n\000\050\000\051}{subsection.6.7.3}% 175
\BOOKMARK [3][-]{subsubsection.6.7.3.5}{\376\377\0006\000.\0007\000.\0003\000.\0005\000\040\000S\000e\000t\000P\000o\000s\000i\000t\000i\000o\000n\000\050\000\051}{subsection.6.7.3}% 176
\BOOKMARK [3][-]{subsubsection.6.7.3.6}{\376\377\0006\000.\0007\000.\0003\000.\0006\000\040\000S\000e\000t\000S\000c\000a\000l\000e\000\050\000\051}{subsection.6.7.3}% 177
\BOOKMARK [1][-]{section.6.8}{\376\377\0006\000.\0008\000\040\000m\000t\000r\000x\000:\000:\000G\000a\000m\000e\000T\000i\000m\000e\000\040\000C\000l\000a\000s\000s\000\040\000R\000e\000f\000e\000r\000e\000n\000c\000e}{chapter.6}% 178
\BOOKMARK [2][-]{subsection.6.8.1}{\376\377\0006\000.\0008\000.\0001\000\040\000D\000e\000t\000a\000i\000l\000e\000d\000\040\000D\000e\000s\000c\000r\000i\000p\000t\000i\000o\000n}{section.6.8}% 179
\BOOKMARK [2][-]{subsection.6.8.2}{\376\377\0006\000.\0008\000.\0002\000\040\000M\000e\000m\000b\000e\000r\000\040\000F\000u\000n\000c\000t\000i\000o\000n\000\040\000D\000o\000c\000u\000m\000e\000n\000t\000a\000t\000i\000o\000n}{section.6.8}% 180
\BOOKMARK [3][-]{subsubsection.6.8.2.1}{\376\377\0006\000.\0008\000.\0002\000.\0001\000\040\000C\000a\000l\000c\000u\000l\000a\000t\000e\000D\000e\000l\000t\000a\000T\000i\000m\000e\000\050\000\051}{subsection.6.8.2}% 181
\BOOKMARK [3][-]{subsubsection.6.8.2.2}{\376\377\0006\000.\0008\000.\0002\000.\0002\000\040\000F\000i\000n\000d\000T\000i\000m\000e\000D\000i\000f\000f\000S\000e\000c\000o\000n\000d\000s\000\050\000\051}{subsection.6.8.2}% 182
\BOOKMARK [3][-]{subsubsection.6.8.2.3}{\376\377\0006\000.\0008\000.\0002\000.\0003\000\040\000G\000e\000t\000T\000i\000m\000e\000\050\000\051}{subsection.6.8.2}% 183
\BOOKMARK [3][-]{subsubsection.6.8.2.4}{\376\377\0006\000.\0008\000.\0002\000.\0004\000\040\000G\000e\000t\000T\000i\000m\000e\000S\000e\000c\000o\000n\000d\000s\000\050\000\051}{subsection.6.8.2}% 184
\BOOKMARK [3][-]{subsubsection.6.8.2.5}{\376\377\0006\000.\0008\000.\0002\000.\0005\000\040\000I\000n\000i\000t\000\050\000\051}{subsection.6.8.2}% 185
\BOOKMARK [3][-]{subsubsection.6.8.2.6}{\376\377\0006\000.\0008\000.\0002\000.\0006\000\040\000U\000p\000d\000a\000t\000e\000\050\000\051}{subsection.6.8.2}% 186
\BOOKMARK [1][-]{section.6.9}{\376\377\0006\000.\0009\000\040\000m\000t\000r\000x\000:\000:\000G\000J\000K\000U\000t\000i\000l\000\040\000C\000l\000a\000s\000s\000\040\000R\000e\000f\000e\000r\000e\000n\000c\000e}{chapter.6}% 187
\BOOKMARK [2][-]{subsection.6.9.1}{\376\377\0006\000.\0009\000.\0001\000\040\000D\000e\000t\000a\000i\000l\000e\000d\000\040\000D\000e\000s\000c\000r\000i\000p\000t\000i\000o\000n}{section.6.9}% 188
\BOOKMARK [2][-]{subsection.6.9.2}{\376\377\0006\000.\0009\000.\0002\000\040\000M\000e\000m\000b\000e\000r\000\040\000F\000u\000n\000c\000t\000i\000o\000n\000\040\000D\000o\000c\000u\000m\000e\000n\000t\000a\000t\000i\000o\000n}{section.6.9}% 189
\BOOKMARK [3][-]{subsubsection.6.9.2.1}{\376\377\0006\000.\0009\000.\0002\000.\0001\000\040\000C\000o\000l\000l\000i\000s\000i\000o\000n\000\050\000\051}{subsection.6.9.2}% 190
\BOOKMARK [3][-]{subsubsection.6.9.2.2}{\376\377\0006\000.\0009\000.\0002\000.\0002\000\040\000F\000a\000r\000t\000h\000e\000s\000t\000P\000o\000i\000n\000t\000I\000n\000D\000i\000r\000e\000c\000t\000i\000o\000n\000\050\000\051}{subsection.6.9.2}% 191
\BOOKMARK [3][-]{subsubsection.6.9.2.3}{\376\377\0006\000.\0009\000.\0002\000.\0003\000\040\000S\000u\000p\000p\000o\000r\000t\000\050\000\051}{subsection.6.9.2}% 192
\BOOKMARK [3][-]{subsubsection.6.9.2.4}{\376\377\0006\000.\0009\000.\0002\000.\0004\000\040\000T\000e\000t\000r\000a\000h\000e\000d\000r\000o\000n\000C\000h\000e\000c\000k\000s\000\050\000\051}{subsection.6.9.2}% 193
\BOOKMARK [3][-]{subsubsection.6.9.2.5}{\376\377\0006\000.\0009\000.\0002\000.\0005\000\040\000T\000e\000t\000r\000a\000h\000e\000d\000r\000o\000n\000S\000i\000m\000p\000l\000e\000x\000U\000p\000d\000a\000t\000e\000\050\000\051}{subsection.6.9.2}% 194
\BOOKMARK [3][-]{subsubsection.6.9.2.6}{\376\377\0006\000.\0009\000.\0002\000.\0006\000\040\000T\000r\000i\000a\000n\000g\000l\000e\000S\000i\000m\000p\000l\000e\000x\000U\000p\000d\000a\000t\000e\000\050\000\051}{subsection.6.9.2}% 195
\BOOKMARK [3][-]{subsubsection.6.9.2.7}{\376\377\0006\000.\0009\000.\0002\000.\0007\000\040\000U\000p\000d\000a\000t\000e\000S\000i\000m\000p\000l\000e\000x\000\050\000\051}{subsection.6.9.2}% 196
\BOOKMARK [1][-]{section.6.10}{\376\377\0006\000.\0001\0000\000\040\000m\000t\000r\000x\000:\000:\000I\000B\000o\000u\000n\000d\000i\000n\000g\000V\000o\000l\000u\000m\000e\000\040\000C\000l\000a\000s\000s\000\040\000R\000e\000f\000e\000r\000e\000n\000c\000e}{chapter.6}% 197
\BOOKMARK [2][-]{subsection.6.10.1}{\376\377\0006\000.\0001\0000\000.\0001\000\040\000D\000e\000t\000a\000i\000l\000e\000d\000\040\000D\000e\000s\000c\000r\000i\000p\000t\000i\000o\000n}{section.6.10}% 198
\BOOKMARK [1][-]{section.6.11}{\376\377\0006\000.\0001\0001\000\040\000m\000t\000r\000x\000:\000:\000I\000I\000n\000t\000e\000g\000r\000a\000t\000a\000b\000l\000e\000\040\000C\000l\000a\000s\000s\000\040\000R\000e\000f\000e\000r\000e\000n\000c\000e}{chapter.6}% 199
\BOOKMARK [2][-]{subsection.6.11.1}{\376\377\0006\000.\0001\0001\000.\0001\000\040\000D\000e\000t\000a\000i\000l\000e\000d\000\040\000D\000e\000s\000c\000r\000i\000p\000t\000i\000o\000n}{section.6.11}% 200
\BOOKMARK [2][-]{subsection.6.11.2}{\376\377\0006\000.\0001\0001\000.\0002\000\040\000M\000e\000m\000b\000e\000r\000\040\000F\000u\000n\000c\000t\000i\000o\000n\000\040\000D\000o\000c\000u\000m\000e\000n\000t\000a\000t\000i\000o\000n}{section.6.11}% 201
\BOOKMARK [3][-]{subsubsection.6.11.2.1}{\376\377\0006\000.\0001\0001\000.\0002\000.\0001\000\040\000I\000n\000t\000e\000g\000r\000a\000t\000e\000\050\000\051}{subsection.6.11.2}% 202
\BOOKMARK [1][-]{section.6.12}{\376\377\0006\000.\0001\0002\000\040\000m\000t\000r\000x\000:\000:\000I\000R\000i\000g\000i\000d\000b\000o\000d\000y\000F\000o\000r\000c\000e\000G\000e\000n\000e\000r\000a\000t\000o\000r\000\040\000C\000l\000a\000s\000s\000\040\000R\000e\000f\000e\000r\000e\000n\000c\000e}{chapter.6}% 203
\BOOKMARK [2][-]{subsection.6.12.1}{\376\377\0006\000.\0001\0002\000.\0001\000\040\000D\000e\000t\000a\000i\000l\000e\000d\000\040\000D\000e\000s\000c\000r\000i\000p\000t\000i\000o\000n}{section.6.12}% 204
\BOOKMARK [2][-]{subsection.6.12.2}{\376\377\0006\000.\0001\0002\000.\0002\000\040\000M\000e\000m\000b\000e\000r\000\040\000F\000u\000n\000c\000t\000i\000o\000n\000\040\000D\000o\000c\000u\000m\000e\000n\000t\000a\000t\000i\000o\000n}{section.6.12}% 205
\BOOKMARK [3][-]{subsubsection.6.12.2.1}{\376\377\0006\000.\0001\0002\000.\0002\000.\0001\000\040\000U\000p\000d\000a\000t\000e\000F\000o\000r\000c\000e\000s\000\050\000\051}{subsection.6.12.2}% 206
\BOOKMARK [1][-]{section.6.13}{\376\377\0006\000.\0001\0003\000\040\000m\000t\000r\000x\000:\000:\000L\000o\000g\000M\000a\000n\000a\000g\000e\000r\000\040\000C\000l\000a\000s\000s\000\040\000R\000e\000f\000e\000r\000e\000n\000c\000e}{chapter.6}% 207
\BOOKMARK [2][-]{subsection.6.13.1}{\376\377\0006\000.\0001\0003\000.\0001\000\040\000D\000e\000t\000a\000i\000l\000e\000d\000\040\000D\000e\000s\000c\000r\000i\000p\000t\000i\000o\000n}{section.6.13}% 208
\BOOKMARK [2][-]{subsection.6.13.2}{\376\377\0006\000.\0001\0003\000.\0002\000\040\000C\000o\000n\000s\000t\000r\000u\000c\000t\000o\000r\000\040\000\046\000\040\000D\000e\000s\000t\000r\000u\000c\000t\000o\000r\000\040\000D\000o\000c\000u\000m\000e\000n\000t\000a\000t\000i\000o\000n}{section.6.13}% 209
\BOOKMARK [3][-]{subsubsection.6.13.2.1}{\376\377\0006\000.\0001\0003\000.\0002\000.\0001\000\040\000L\000o\000g\000M\000a\000n\000a\000g\000e\000r\000\050\000\051}{subsection.6.13.2}% 210
\BOOKMARK [2][-]{subsection.6.13.3}{\376\377\0006\000.\0001\0003\000.\0003\000\040\000M\000e\000m\000b\000e\000r\000\040\000F\000u\000n\000c\000t\000i\000o\000n\000\040\000D\000o\000c\000u\000m\000e\000n\000t\000a\000t\000i\000o\000n}{section.6.13}% 211
\BOOKMARK [3][-]{subsubsection.6.13.3.1}{\376\377\0006\000.\0001\0003\000.\0003\000.\0001\000\040\000C\000r\000e\000a\000t\000e\000L\000o\000g\000D\000i\000r\000e\000c\000t\000o\000r\000y\000\050\000\051}{subsection.6.13.3}% 212
\BOOKMARK [3][-]{subsubsection.6.13.3.2}{\376\377\0006\000.\0001\0003\000.\0003\000.\0002\000\040\000c\000r\000i\000t\000i\000c\000a\000l\000\050\000\051}{subsection.6.13.3}% 213
\BOOKMARK [3][-]{subsubsection.6.13.3.3}{\376\377\0006\000.\0001\0003\000.\0003\000.\0003\000\040\000e\000r\000r\000o\000r\000\050\000\051}{subsection.6.13.3}% 214
\BOOKMARK [3][-]{subsubsection.6.13.3.4}{\376\377\0006\000.\0001\0003\000.\0003\000.\0004\000\040\000G\000e\000t\000I\000n\000s\000t\000a\000n\000c\000e\000\050\000\051}{subsection.6.13.3}% 215
\BOOKMARK [3][-]{subsubsection.6.13.3.5}{\376\377\0006\000.\0001\0003\000.\0003\000.\0005\000\040\000i\000n\000f\000o\000\050\000\051}{subsection.6.13.3}% 216
\BOOKMARK [3][-]{subsubsection.6.13.3.6}{\376\377\0006\000.\0001\0003\000.\0003\000.\0006\000\040\000t\000r\000a\000c\000e\000\050\000\051}{subsection.6.13.3}% 217
\BOOKMARK [3][-]{subsubsection.6.13.3.7}{\376\377\0006\000.\0001\0003\000.\0003\000.\0007\000\040\000w\000a\000r\000n\000\050\000\051}{subsection.6.13.3}% 218
\BOOKMARK [1][-]{section.6.14}{\376\377\0006\000.\0001\0004\000\040\000m\000t\000r\000x\000:\000:\000m\000t\000r\000x\000D\000y\000n\000a\000m\000i\000c\000W\000o\000r\000l\000d\000\040\000C\000l\000a\000s\000s\000\040\000R\000e\000f\000e\000r\000e\000n\000c\000e}{chapter.6}% 219
\BOOKMARK [2][-]{subsection.6.14.1}{\376\377\0006\000.\0001\0004\000.\0001\000\040\000D\000e\000t\000a\000i\000l\000e\000d\000\040\000D\000e\000s\000c\000r\000i\000p\000t\000i\000o\000n}{section.6.14}% 220
\BOOKMARK [2][-]{subsection.6.14.2}{\376\377\0006\000.\0001\0004\000.\0002\000\040\000C\000o\000n\000s\000t\000r\000u\000c\000t\000o\000r\000\040\000\046\000\040\000D\000e\000s\000t\000r\000u\000c\000t\000o\000r\000\040\000D\000o\000c\000u\000m\000e\000n\000t\000a\000t\000i\000o\000n}{section.6.14}% 221
\BOOKMARK [3][-]{subsubsection.6.14.2.1}{\376\377\0006\000.\0001\0004\000.\0002\000.\0001\000\040\000m\000t\000r\000x\000D\000y\000n\000a\000m\000i\000c\000W\000o\000r\000l\000d\000\050\000\051}{subsection.6.14.2}% 222
\BOOKMARK [3][-]{subsubsection.6.14.2.2}{\376\377\0006\000.\0001\0004\000.\0002\000.\0002\000\040\000\040\000m\000t\000r\000x\000D\000y\000n\000a\000m\000i\000c\000W\000o\000r\000l\000d\000\050\000\051}{subsection.6.14.2}% 223
\BOOKMARK [2][-]{subsection.6.14.3}{\376\377\0006\000.\0001\0004\000.\0003\000\040\000M\000e\000m\000b\000e\000r\000\040\000F\000u\000n\000c\000t\000i\000o\000n\000\040\000D\000o\000c\000u\000m\000e\000n\000t\000a\000t\000i\000o\000n}{section.6.14}% 224
\BOOKMARK [3][-]{subsubsection.6.14.3.1}{\376\377\0006\000.\0001\0004\000.\0003\000.\0001\000\040\000A\000d\000d\000C\000o\000l\000l\000i\000d\000e\000r\000\050\000\051}{subsection.6.14.3}% 225
\BOOKMARK [3][-]{subsubsection.6.14.3.2}{\376\377\0006\000.\0001\0004\000.\0003\000.\0002\000\040\000A\000d\000d\000F\000o\000r\000c\000e\000G\000e\000n\000e\000r\000a\000t\000o\000r\000\050\000\051}{subsection.6.14.3}% 226
\BOOKMARK [3][-]{subsubsection.6.14.3.3}{\376\377\0006\000.\0001\0004\000.\0003\000.\0003\000\040\000A\000d\000d\000R\000i\000g\000i\000d\000b\000o\000d\000y\000\050\000\051}{subsection.6.14.3}% 227
\BOOKMARK [3][-]{subsubsection.6.14.3.4}{\376\377\0006\000.\0001\0004\000.\0003\000.\0004\000\040\000R\000e\000m\000o\000v\000e\000C\000o\000l\000l\000i\000d\000e\000r\000\050\000\051}{subsection.6.14.3}% 228
\BOOKMARK [3][-]{subsubsection.6.14.3.5}{\376\377\0006\000.\0001\0004\000.\0003\000.\0005\000\040\000R\000e\000m\000o\000v\000e\000F\000o\000r\000c\000e\000G\000e\000n\000e\000r\000a\000t\000o\000r\000\050\000\051}{subsection.6.14.3}% 229
\BOOKMARK [3][-]{subsubsection.6.14.3.6}{\376\377\0006\000.\0001\0004\000.\0003\000.\0006\000\040\000R\000e\000m\000o\000v\000e\000R\000i\000g\000i\000d\000b\000o\000d\000y\000\050\000\051}{subsection.6.14.3}% 230
\BOOKMARK [3][-]{subsubsection.6.14.3.7}{\376\377\0006\000.\0001\0004\000.\0003\000.\0007\000\040\000U\000p\000d\000a\000t\000e\000\050\000\051}{subsection.6.14.3}% 231
\BOOKMARK [1][-]{section.6.15}{\376\377\0006\000.\0001\0005\000\040\000m\000t\000r\000x\000:\000:\000O\000b\000j\000e\000c\000t\000A\000x\000e\000s\000\040\000S\000t\000r\000u\000c\000t\000\040\000R\000e\000f\000e\000r\000e\000n\000c\000e}{chapter.6}% 232
\BOOKMARK [2][-]{subsection.6.15.1}{\376\377\0006\000.\0001\0005\000.\0001\000\040\000D\000e\000t\000a\000i\000l\000e\000d\000\040\000D\000e\000s\000c\000r\000i\000p\000t\000i\000o\000n}{section.6.15}% 233
\BOOKMARK [1][-]{section.6.16}{\376\377\0006\000.\0001\0006\000\040\000m\000t\000r\000x\000:\000:\000O\000O\000B\000B\000C\000o\000l\000l\000i\000d\000e\000r\000\040\000C\000l\000a\000s\000s\000\040\000R\000e\000f\000e\000r\000e\000n\000c\000e}{chapter.6}% 234
\BOOKMARK [2][-]{subsection.6.16.1}{\376\377\0006\000.\0001\0006\000.\0001\000\040\000D\000e\000t\000a\000i\000l\000e\000d\000\040\000D\000e\000s\000c\000r\000i\000p\000t\000i\000o\000n}{section.6.16}% 235
\BOOKMARK [2][-]{subsection.6.16.2}{\376\377\0006\000.\0001\0006\000.\0002\000\040\000C\000o\000n\000s\000t\000r\000u\000c\000t\000o\000r\000\040\000\046\000\040\000D\000e\000s\000t\000r\000u\000c\000t\000o\000r\000\040\000D\000o\000c\000u\000m\000e\000n\000t\000a\000t\000i\000o\000n}{section.6.16}% 236
\BOOKMARK [3][-]{subsubsection.6.16.2.1}{\376\377\0006\000.\0001\0006\000.\0002\000.\0001\000\040\000O\000O\000B\000B\000C\000o\000l\000l\000i\000d\000e\000r\000\050\000\051\000\040\000[\0001\000/\0002\000]}{subsection.6.16.2}% 237
\BOOKMARK [3][-]{subsubsection.6.16.2.2}{\376\377\0006\000.\0001\0006\000.\0002\000.\0002\000\040\000O\000O\000B\000B\000C\000o\000l\000l\000i\000d\000e\000r\000\050\000\051\000\040\000[\0002\000/\0002\000]}{subsection.6.16.2}% 238
\BOOKMARK [3][-]{subsubsection.6.16.2.3}{\376\377\0006\000.\0001\0006\000.\0002\000.\0003\000\040\000\040\000O\000O\000B\000B\000C\000o\000l\000l\000i\000d\000e\000r\000\050\000\051}{subsection.6.16.2}% 239
\BOOKMARK [2][-]{subsection.6.16.3}{\376\377\0006\000.\0001\0006\000.\0003\000\040\000M\000e\000m\000b\000e\000r\000\040\000F\000u\000n\000c\000t\000i\000o\000n\000\040\000D\000o\000c\000u\000m\000e\000n\000t\000a\000t\000i\000o\000n}{section.6.16}% 240
\BOOKMARK [3][-]{subsubsection.6.16.3.1}{\376\377\0006\000.\0001\0006\000.\0003\000.\0001\000\040\000G\000e\000t\000A\000x\000e\000s\000\050\000\051}{subsection.6.16.3}% 241
\BOOKMARK [3][-]{subsubsection.6.16.3.2}{\376\377\0006\000.\0001\0006\000.\0003\000.\0002\000\040\000G\000e\000t\000H\000a\000l\000f\000E\000x\000t\000e\000n\000t\000s\000\050\000\051\000\040\000[\0001\000/\0002\000]}{subsection.6.16.3}% 242
\BOOKMARK [3][-]{subsubsection.6.16.3.3}{\376\377\0006\000.\0001\0006\000.\0003\000.\0003\000\040\000G\000e\000t\000H\000a\000l\000f\000E\000x\000t\000e\000n\000t\000s\000\050\000\051\000\040\000[\0002\000/\0002\000]}{subsection.6.16.3}% 243
\BOOKMARK [3][-]{subsubsection.6.16.3.4}{\376\377\0006\000.\0001\0006\000.\0003\000.\0004\000\040\000S\000e\000t\000S\000c\000a\000l\000e\000\050\000\051}{subsection.6.16.3}% 244
\BOOKMARK [1][-]{section.6.17}{\376\377\0006\000.\0001\0007\000\040\000m\000t\000r\000x\000:\000:\000P\000o\000t\000e\000n\000t\000i\000a\000l\000C\000o\000l\000l\000i\000s\000i\000o\000n\000\040\000S\000t\000r\000u\000c\000t\000\040\000R\000e\000f\000e\000r\000e\000n\000c\000e}{chapter.6}% 245
\BOOKMARK [2][-]{subsection.6.17.1}{\376\377\0006\000.\0001\0007\000.\0001\000\040\000D\000e\000t\000a\000i\000l\000e\000d\000\040\000D\000e\000s\000c\000r\000i\000p\000t\000i\000o\000n}{section.6.17}% 246
\BOOKMARK [1][-]{section.6.18}{\376\377\0006\000.\0001\0008\000\040\000m\000t\000r\000x\000:\000:\000R\000a\000y\000\040\000C\000l\000a\000s\000s\000\040\000R\000e\000f\000e\000r\000e\000n\000c\000e}{chapter.6}% 247
\BOOKMARK [2][-]{subsection.6.18.1}{\376\377\0006\000.\0001\0008\000.\0001\000\040\000D\000e\000t\000a\000i\000l\000e\000d\000\040\000D\000e\000s\000c\000r\000i\000p\000t\000i\000o\000n}{section.6.18}% 248
\BOOKMARK [2][-]{subsection.6.18.2}{\376\377\0006\000.\0001\0008\000.\0002\000\040\000C\000o\000n\000s\000t\000r\000u\000c\000t\000o\000r\000\040\000\046\000\040\000D\000e\000s\000t\000r\000u\000c\000t\000o\000r\000\040\000D\000o\000c\000u\000m\000e\000n\000t\000a\000t\000i\000o\000n}{section.6.18}% 249
\BOOKMARK [3][-]{subsubsection.6.18.2.1}{\376\377\0006\000.\0001\0008\000.\0002\000.\0001\000\040\000R\000a\000y\000\050\000\051}{subsection.6.18.2}% 250
\BOOKMARK [3][-]{subsubsection.6.18.2.2}{\376\377\0006\000.\0001\0008\000.\0002\000.\0002\000\040\000\040\000R\000a\000y\000\050\000\051}{subsection.6.18.2}% 251
\BOOKMARK [1][-]{section.6.19}{\376\377\0006\000.\0001\0009\000\040\000m\000t\000r\000x\000:\000:\000r\000b\000\137\000B\000u\000o\000y\000a\000n\000c\000y\000F\000o\000r\000c\000e\000G\000e\000n\000e\000r\000a\000t\000o\000r\000\040\000C\000l\000a\000s\000s\000\040\000R\000e\000f\000e\000r\000e\000n\000c\000e}{chapter.6}% 252
\BOOKMARK [2][-]{subsection.6.19.1}{\376\377\0006\000.\0001\0009\000.\0001\000\040\000D\000e\000t\000a\000i\000l\000e\000d\000\040\000D\000e\000s\000c\000r\000i\000p\000t\000i\000o\000n}{section.6.19}% 253
\BOOKMARK [2][-]{subsection.6.19.2}{\376\377\0006\000.\0001\0009\000.\0002\000\040\000C\000o\000n\000s\000t\000r\000u\000c\000t\000o\000r\000\040\000\046\000\040\000D\000e\000s\000t\000r\000u\000c\000t\000o\000r\000\040\000D\000o\000c\000u\000m\000e\000n\000t\000a\000t\000i\000o\000n}{section.6.19}% 254
\BOOKMARK [3][-]{subsubsection.6.19.2.1}{\376\377\0006\000.\0001\0009\000.\0002\000.\0001\000\040\000r\000b\000\137\000B\000u\000o\000y\000a\000n\000c\000y\000F\000o\000r\000c\000e\000G\000e\000n\000e\000r\000a\000t\000o\000r\000\050\000\051}{subsection.6.19.2}% 255
\BOOKMARK [3][-]{subsubsection.6.19.2.2}{\376\377\0006\000.\0001\0009\000.\0002\000.\0002\000\040\000\040\000r\000b\000\137\000B\000u\000o\000y\000a\000n\000c\000y\000F\000o\000r\000c\000e\000G\000e\000n\000e\000r\000a\000t\000o\000r\000\050\000\051}{subsection.6.19.2}% 256
\BOOKMARK [2][-]{subsection.6.19.3}{\376\377\0006\000.\0001\0009\000.\0003\000\040\000M\000e\000m\000b\000e\000r\000\040\000F\000u\000n\000c\000t\000i\000o\000n\000\040\000D\000o\000c\000u\000m\000e\000n\000t\000a\000t\000i\000o\000n}{section.6.19}% 257
\BOOKMARK [3][-]{subsubsection.6.19.3.1}{\376\377\0006\000.\0001\0009\000.\0003\000.\0001\000\040\000U\000p\000d\000a\000t\000e\000F\000o\000r\000c\000e\000s\000\050\000\051}{subsection.6.19.3}% 258
\BOOKMARK [1][-]{section.6.20}{\376\377\0006\000.\0002\0000\000\040\000m\000t\000r\000x\000:\000:\000r\000b\000\137\000F\000o\000r\000c\000e\000G\000e\000n\000e\000r\000a\000t\000i\000o\000n\000R\000e\000g\000i\000s\000t\000r\000y\000\040\000C\000l\000a\000s\000s\000\040\000R\000e\000f\000e\000r\000e\000n\000c\000e}{chapter.6}% 259
\BOOKMARK [2][-]{subsection.6.20.1}{\376\377\0006\000.\0002\0000\000.\0001\000\040\000D\000e\000t\000a\000i\000l\000e\000d\000\040\000D\000e\000s\000c\000r\000i\000p\000t\000i\000o\000n}{section.6.20}% 260
\BOOKMARK [2][-]{subsection.6.20.2}{\376\377\0006\000.\0002\0000\000.\0002\000\040\000C\000o\000n\000s\000t\000r\000u\000c\000t\000o\000r\000\040\000\046\000\040\000D\000e\000s\000t\000r\000u\000c\000t\000o\000r\000\040\000D\000o\000c\000u\000m\000e\000n\000t\000a\000t\000i\000o\000n}{section.6.20}% 261
\BOOKMARK [3][-]{subsubsection.6.20.2.1}{\376\377\0006\000.\0002\0000\000.\0002\000.\0001\000\040\000r\000b\000\137\000F\000o\000r\000c\000e\000G\000e\000n\000e\000r\000a\000t\000i\000o\000n\000R\000e\000g\000i\000s\000t\000r\000y\000\050\000\051}{subsection.6.20.2}% 262
\BOOKMARK [3][-]{subsubsection.6.20.2.2}{\376\377\0006\000.\0002\0000\000.\0002\000.\0002\000\040\000\040\000r\000b\000\137\000F\000o\000r\000c\000e\000G\000e\000n\000e\000r\000a\000t\000i\000o\000n\000R\000e\000g\000i\000s\000t\000r\000y\000\050\000\051}{subsection.6.20.2}% 263
\BOOKMARK [2][-]{subsection.6.20.3}{\376\377\0006\000.\0002\0000\000.\0003\000\040\000M\000e\000m\000b\000e\000r\000\040\000F\000u\000n\000c\000t\000i\000o\000n\000\040\000D\000o\000c\000u\000m\000e\000n\000t\000a\000t\000i\000o\000n}{section.6.20}% 264
\BOOKMARK [3][-]{subsubsection.6.20.3.1}{\376\377\0006\000.\0002\0000\000.\0003\000.\0001\000\040\000A\000d\000d\000F\000o\000r\000c\000e\000G\000e\000n\000e\000r\000a\000t\000o\000r\000\050\000\051}{subsection.6.20.3}% 265
\BOOKMARK [3][-]{subsubsection.6.20.3.2}{\376\377\0006\000.\0002\0000\000.\0003\000.\0002\000\040\000R\000e\000m\000o\000v\000e\000F\000o\000r\000c\000e\000G\000e\000n\000e\000r\000a\000t\000o\000r\000\050\000\051\000\040\000[\0001\000/\0002\000]}{subsection.6.20.3}% 266
\BOOKMARK [3][-]{subsubsection.6.20.3.3}{\376\377\0006\000.\0002\0000\000.\0003\000.\0003\000\040\000R\000e\000m\000o\000v\000e\000F\000o\000r\000c\000e\000G\000e\000n\000e\000r\000a\000t\000o\000r\000\050\000\051\000\040\000[\0002\000/\0002\000]}{subsection.6.20.3}% 267
\BOOKMARK [3][-]{subsubsection.6.20.3.4}{\376\377\0006\000.\0002\0000\000.\0003\000.\0004\000\040\000U\000p\000d\000a\000t\000e\000F\000o\000r\000c\000e\000G\000e\000n\000e\000r\000a\000t\000o\000r\000s\000\050\000\051}{subsection.6.20.3}% 268
\BOOKMARK [1][-]{section.6.21}{\376\377\0006\000.\0002\0001\000\040\000m\000t\000r\000x\000:\000:\000r\000b\000\137\000G\000r\000a\000v\000i\000t\000y\000F\000o\000r\000c\000e\000G\000e\000n\000e\000r\000a\000t\000o\000r\000\040\000C\000l\000a\000s\000s\000\040\000R\000e\000f\000e\000r\000e\000n\000c\000e}{chapter.6}% 269
\BOOKMARK [2][-]{subsection.6.21.1}{\376\377\0006\000.\0002\0001\000.\0001\000\040\000D\000e\000t\000a\000i\000l\000e\000d\000\040\000D\000e\000s\000c\000r\000i\000p\000t\000i\000o\000n}{section.6.21}% 270
\BOOKMARK [2][-]{subsection.6.21.2}{\376\377\0006\000.\0002\0001\000.\0002\000\040\000C\000o\000n\000s\000t\000r\000u\000c\000t\000o\000r\000\040\000\046\000\040\000D\000e\000s\000t\000r\000u\000c\000t\000o\000r\000\040\000D\000o\000c\000u\000m\000e\000n\000t\000a\000t\000i\000o\000n}{section.6.21}% 271
\BOOKMARK [3][-]{subsubsection.6.21.2.1}{\376\377\0006\000.\0002\0001\000.\0002\000.\0001\000\040\000r\000b\000\137\000G\000r\000a\000v\000i\000t\000y\000F\000o\000r\000c\000e\000G\000e\000n\000e\000r\000a\000t\000o\000r\000\050\000\051}{subsection.6.21.2}% 272
\BOOKMARK [3][-]{subsubsection.6.21.2.2}{\376\377\0006\000.\0002\0001\000.\0002\000.\0002\000\040\000\040\000r\000b\000\137\000G\000r\000a\000v\000i\000t\000y\000F\000o\000r\000c\000e\000G\000e\000n\000e\000r\000a\000t\000o\000r\000\050\000\051}{subsection.6.21.2}% 273
\BOOKMARK [2][-]{subsection.6.21.3}{\376\377\0006\000.\0002\0001\000.\0003\000\040\000M\000e\000m\000b\000e\000r\000\040\000F\000u\000n\000c\000t\000i\000o\000n\000\040\000D\000o\000c\000u\000m\000e\000n\000t\000a\000t\000i\000o\000n}{section.6.21}% 274
\BOOKMARK [3][-]{subsubsection.6.21.3.1}{\376\377\0006\000.\0002\0001\000.\0003\000.\0001\000\040\000U\000p\000d\000a\000t\000e\000F\000o\000r\000c\000e\000s\000\050\000\051}{subsection.6.21.3}% 275
\BOOKMARK [1][-]{section.6.22}{\376\377\0006\000.\0002\0002\000\040\000m\000t\000r\000x\000:\000:\000R\000i\000g\000i\000d\000b\000o\000d\000y\000\040\000C\000l\000a\000s\000s\000\040\000R\000e\000f\000e\000r\000e\000n\000c\000e}{chapter.6}% 276
\BOOKMARK [2][-]{subsection.6.22.1}{\376\377\0006\000.\0002\0002\000.\0001\000\040\000D\000e\000t\000a\000i\000l\000e\000d\000\040\000D\000e\000s\000c\000r\000i\000p\000t\000i\000o\000n}{section.6.22}% 277
\BOOKMARK [2][-]{subsection.6.22.2}{\376\377\0006\000.\0002\0002\000.\0002\000\040\000C\000o\000n\000s\000t\000r\000u\000c\000t\000o\000r\000\040\000\046\000\040\000D\000e\000s\000t\000r\000u\000c\000t\000o\000r\000\040\000D\000o\000c\000u\000m\000e\000n\000t\000a\000t\000i\000o\000n}{section.6.22}% 278
\BOOKMARK [3][-]{subsubsection.6.22.2.1}{\376\377\0006\000.\0002\0002\000.\0002\000.\0001\000\040\000R\000i\000g\000i\000d\000b\000o\000d\000y\000\050\000\051}{subsection.6.22.2}% 279
\BOOKMARK [3][-]{subsubsection.6.22.2.2}{\376\377\0006\000.\0002\0002\000.\0002\000.\0002\000\040\000\040\000R\000i\000g\000i\000d\000b\000o\000d\000y\000\050\000\051}{subsection.6.22.2}% 280
\BOOKMARK [2][-]{subsection.6.22.3}{\376\377\0006\000.\0002\0002\000.\0003\000\040\000M\000e\000m\000b\000e\000r\000\040\000F\000u\000n\000c\000t\000i\000o\000n\000\040\000D\000o\000c\000u\000m\000e\000n\000t\000a\000t\000i\000o\000n}{section.6.22}% 281
\BOOKMARK [3][-]{subsubsection.6.22.3.1}{\376\377\0006\000.\0002\0002\000.\0003\000.\0001\000\040\000A\000d\000d\000F\000o\000r\000c\000e\000A\000t\000P\000o\000i\000n\000t\000\050\000\051}{subsection.6.22.3}% 282
\BOOKMARK [3][-]{subsubsection.6.22.3.2}{\376\377\0006\000.\0002\0002\000.\0003\000.\0002\000\040\000A\000d\000d\000T\000o\000r\000q\000u\000e\000\050\000\051}{subsection.6.22.3}% 283
\BOOKMARK [3][-]{subsubsection.6.22.3.3}{\376\377\0006\000.\0002\0002\000.\0003\000.\0003\000\040\000C\000a\000l\000c\000u\000l\000a\000t\000e\000B\000o\000d\000y\000D\000a\000t\000a\000\050\000\051}{subsection.6.22.3}% 284
\BOOKMARK [3][-]{subsubsection.6.22.3.4}{\376\377\0006\000.\0002\0002\000.\0003\000.\0004\000\040\000C\000a\000l\000c\000u\000l\000a\000t\000e\000I\000I\000T\000W\000o\000r\000l\000d\000\050\000\051}{subsection.6.22.3}% 285
\BOOKMARK [3][-]{subsubsection.6.22.3.5}{\376\377\0006\000.\0002\0002\000.\0003\000.\0005\000\040\000C\000a\000l\000c\000u\000l\000a\000t\000e\000O\000b\000j\000T\000o\000W\000o\000r\000l\000d\000M\000a\000t\000\050\000\051}{subsection.6.22.3}% 286
\BOOKMARK [3][-]{subsubsection.6.22.3.6}{\376\377\0006\000.\0002\0002\000.\0003\000.\0006\000\040\000C\000l\000e\000a\000r\000A\000c\000c\000u\000m\000u\000l\000a\000t\000o\000r\000s\000\050\000\051}{subsection.6.22.3}% 287
\BOOKMARK [3][-]{subsubsection.6.22.3.7}{\376\377\0006\000.\0002\0002\000.\0003\000.\0007\000\040\000G\000e\000t\000A\000n\000g\000u\000l\000a\000r\000D\000a\000m\000p\000i\000n\000g\000\050\000\051}{subsection.6.22.3}% 288
\BOOKMARK [3][-]{subsubsection.6.22.3.8}{\376\377\0006\000.\0002\0002\000.\0003\000.\0008\000\040\000G\000e\000t\000I\000n\000v\000e\000r\000s\000e\000I\000n\000e\000r\000t\000i\000a\000T\000e\000n\000s\000o\000r\000\050\000\051}{subsection.6.22.3}% 289
\BOOKMARK [3][-]{subsubsection.6.22.3.9}{\376\377\0006\000.\0002\0002\000.\0003\000.\0009\000\040\000G\000e\000t\000I\000s\000K\000i\000n\000e\000m\000a\000t\000i\000c\000\050\000\051}{subsection.6.22.3}% 290
\BOOKMARK [3][-]{subsubsection.6.22.3.10}{\376\377\0006\000.\0002\0002\000.\0003\000.\0001\0000\000\040\000G\000e\000t\000O\000b\000j\000T\000o\000W\000o\000r\000l\000d\000M\000a\000t\000\050\000\051}{subsection.6.22.3}% 291
\BOOKMARK [3][-]{subsubsection.6.22.3.11}{\376\377\0006\000.\0002\0002\000.\0003\000.\0001\0001\000\040\000G\000e\000t\000R\000o\000t\000a\000t\000i\000o\000n\000\050\000\051}{subsection.6.22.3}% 292
\BOOKMARK [3][-]{subsubsection.6.22.3.12}{\376\377\0006\000.\0002\0002\000.\0003\000.\0001\0002\000\040\000I\000n\000t\000e\000g\000r\000a\000t\000e\000\050\000\051}{subsection.6.22.3}% 293
\BOOKMARK [3][-]{subsubsection.6.22.3.13}{\376\377\0006\000.\0002\0002\000.\0003\000.\0001\0003\000\040\000S\000e\000t\000A\000n\000g\000u\000l\000a\000r\000D\000a\000m\000p\000i\000n\000g\000\050\000\051}{subsection.6.22.3}% 294
\BOOKMARK [3][-]{subsubsection.6.22.3.14}{\376\377\0006\000.\0002\0002\000.\0003\000.\0001\0004\000\040\000S\000e\000t\000I\000n\000v\000e\000r\000s\000e\000I\000n\000e\000r\000t\000i\000a\000T\000e\000n\000s\000o\000r\000\050\000\051}{subsection.6.22.3}% 295
\BOOKMARK [3][-]{subsubsection.6.22.3.15}{\376\377\0006\000.\0002\0002\000.\0003\000.\0001\0005\000\040\000S\000e\000t\000I\000s\000K\000i\000n\000e\000m\000a\000t\000i\000c\000\050\000\051}{subsection.6.22.3}% 296
\BOOKMARK [3][-]{subsubsection.6.22.3.16}{\376\377\0006\000.\0002\0002\000.\0003\000.\0001\0006\000\040\000S\000e\000t\000O\000r\000i\000e\000n\000t\000a\000t\000i\000o\000n\000\050\000\051}{subsection.6.22.3}% 297
\BOOKMARK [3][-]{subsubsection.6.22.3.17}{\376\377\0006\000.\0002\0002\000.\0003\000.\0001\0007\000\040\000S\000e\000t\000R\000o\000t\000a\000t\000i\000o\000n\000\050\000\051}{subsection.6.22.3}% 298
\BOOKMARK [1][-]{section.6.23}{\376\377\0006\000.\0002\0003\000\040\000m\000t\000r\000x\000:\000:\000R\000i\000g\000i\000d\000b\000o\000d\000y\000M\000a\000n\000a\000g\000e\000r\000\040\000C\000l\000a\000s\000s\000\040\000R\000e\000f\000e\000r\000e\000n\000c\000e}{chapter.6}% 299
\BOOKMARK [2][-]{subsection.6.23.1}{\376\377\0006\000.\0002\0003\000.\0001\000\040\000D\000e\000t\000a\000i\000l\000e\000d\000\040\000D\000e\000s\000c\000r\000i\000p\000t\000i\000o\000n}{section.6.23}% 300
\BOOKMARK [2][-]{subsection.6.23.2}{\376\377\0006\000.\0002\0003\000.\0002\000\040\000C\000o\000n\000s\000t\000r\000u\000c\000t\000o\000r\000\040\000\046\000\040\000D\000e\000s\000t\000r\000u\000c\000t\000o\000r\000\040\000D\000o\000c\000u\000m\000e\000n\000t\000a\000t\000i\000o\000n}{section.6.23}% 301
\BOOKMARK [3][-]{subsubsection.6.23.2.1}{\376\377\0006\000.\0002\0003\000.\0002\000.\0001\000\040\000R\000i\000g\000i\000d\000b\000o\000d\000y\000M\000a\000n\000a\000g\000e\000r\000\050\000\051}{subsection.6.23.2}% 302
\BOOKMARK [3][-]{subsubsection.6.23.2.2}{\376\377\0006\000.\0002\0003\000.\0002\000.\0002\000\040\000\040\000R\000i\000g\000i\000d\000b\000o\000d\000y\000M\000a\000n\000a\000g\000e\000r\000\050\000\051}{subsection.6.23.2}% 303
\BOOKMARK [2][-]{subsection.6.23.3}{\376\377\0006\000.\0002\0003\000.\0003\000\040\000M\000e\000m\000b\000e\000r\000\040\000F\000u\000n\000c\000t\000i\000o\000n\000\040\000D\000o\000c\000u\000m\000e\000n\000t\000a\000t\000i\000o\000n}{section.6.23}% 304
\BOOKMARK [3][-]{subsubsection.6.23.3.1}{\376\377\0006\000.\0002\0003\000.\0003\000.\0001\000\040\000I\000n\000t\000e\000g\000r\000a\000t\000e\000\050\000\051}{subsection.6.23.3}% 305
\BOOKMARK [3][-]{subsubsection.6.23.3.2}{\376\377\0006\000.\0002\0003\000.\0003\000.\0002\000\040\000I\000n\000t\000e\000g\000r\000a\000t\000e\000R\000i\000g\000i\000d\000b\000o\000d\000i\000e\000s\000\050\000\051}{subsection.6.23.3}% 306
\BOOKMARK [3][-]{subsubsection.6.23.3.3}{\376\377\0006\000.\0002\0003\000.\0003\000.\0003\000\040\000U\000p\000d\000a\000t\000e\000F\000o\000r\000c\000e\000s\000\050\000\051}{subsection.6.23.3}% 307
\BOOKMARK [1][-]{section.6.24}{\376\377\0006\000.\0002\0004\000\040\000m\000t\000r\000x\000:\000:\000S\000i\000m\000p\000l\000e\000x\000\040\000S\000t\000r\000u\000c\000t\000\040\000R\000e\000f\000e\000r\000e\000n\000c\000e}{chapter.6}% 308
\BOOKMARK [2][-]{subsection.6.24.1}{\376\377\0006\000.\0002\0004\000.\0001\000\040\000D\000e\000t\000a\000i\000l\000e\000d\000\040\000D\000e\000s\000c\000r\000i\000p\000t\000i\000o\000n}{section.6.24}% 309
\BOOKMARK [1][-]{section.6.25}{\376\377\0006\000.\0002\0005\000\040\000m\000t\000r\000x\000:\000:\000S\000p\000h\000e\000r\000e\000C\000o\000l\000l\000i\000d\000e\000r\000\040\000C\000l\000a\000s\000s\000\040\000R\000e\000f\000e\000r\000e\000n\000c\000e}{chapter.6}% 310
\BOOKMARK [2][-]{subsection.6.25.1}{\376\377\0006\000.\0002\0005\000.\0001\000\040\000D\000e\000t\000a\000i\000l\000e\000d\000\040\000D\000e\000s\000c\000r\000i\000p\000t\000i\000o\000n}{section.6.25}% 311
\BOOKMARK [2][-]{subsection.6.25.2}{\376\377\0006\000.\0002\0005\000.\0002\000\040\000C\000o\000n\000s\000t\000r\000u\000c\000t\000o\000r\000\040\000\046\000\040\000D\000e\000s\000t\000r\000u\000c\000t\000o\000r\000\040\000D\000o\000c\000u\000m\000e\000n\000t\000a\000t\000i\000o\000n}{section.6.25}% 312
\BOOKMARK [3][-]{subsubsection.6.25.2.1}{\376\377\0006\000.\0002\0005\000.\0002\000.\0001\000\040\000S\000p\000h\000e\000r\000e\000C\000o\000l\000l\000i\000d\000e\000r\000\050\000\051\000\040\000[\0001\000/\0003\000]}{subsection.6.25.2}% 313
\BOOKMARK [3][-]{subsubsection.6.25.2.2}{\376\377\0006\000.\0002\0005\000.\0002\000.\0002\000\040\000S\000p\000h\000e\000r\000e\000C\000o\000l\000l\000i\000d\000e\000r\000\050\000\051\000\040\000[\0002\000/\0003\000]}{subsection.6.25.2}% 314
\BOOKMARK [3][-]{subsubsection.6.25.2.3}{\376\377\0006\000.\0002\0005\000.\0002\000.\0003\000\040\000S\000p\000h\000e\000r\000e\000C\000o\000l\000l\000i\000d\000e\000r\000\050\000\051\000\040\000[\0003\000/\0003\000]}{subsection.6.25.2}% 315
\BOOKMARK [3][-]{subsubsection.6.25.2.4}{\376\377\0006\000.\0002\0005\000.\0002\000.\0004\000\040\000\040\000S\000p\000h\000e\000r\000e\000C\000o\000l\000l\000i\000d\000e\000r\000\050\000\051}{subsection.6.25.2}% 316
\BOOKMARK [2][-]{subsection.6.25.3}{\376\377\0006\000.\0002\0005\000.\0003\000\040\000M\000e\000m\000b\000e\000r\000\040\000F\000u\000n\000c\000t\000i\000o\000n\000\040\000D\000o\000c\000u\000m\000e\000n\000t\000a\000t\000i\000o\000n}{section.6.25}% 317
\BOOKMARK [3][-]{subsubsection.6.25.3.1}{\376\377\0006\000.\0002\0005\000.\0003\000.\0001\000\040\000G\000e\000t\000G\000r\000o\000w\000t\000h\000\050\000\051}{subsection.6.25.3}% 318
\BOOKMARK [3][-]{subsubsection.6.25.3.2}{\376\377\0006\000.\0002\0005\000.\0003\000.\0002\000\040\000G\000e\000t\000R\000a\000d\000i\000u\000s\000\050\000\051}{subsection.6.25.3}% 319
\BOOKMARK [3][-]{subsubsection.6.25.3.3}{\376\377\0006\000.\0002\0005\000.\0003\000.\0003\000\040\000G\000e\000t\000S\000i\000z\000e\000\050\000\051}{subsection.6.25.3}% 320
\BOOKMARK [3][-]{subsubsection.6.25.3.4}{\376\377\0006\000.\0002\0005\000.\0003\000.\0004\000\040\000R\000a\000y\000c\000a\000s\000t\000C\000o\000l\000l\000i\000s\000i\000o\000n\000\050\000\051}{subsection.6.25.3}% 321
\BOOKMARK [3][-]{subsubsection.6.25.3.5}{\376\377\0006\000.\0002\0005\000.\0003\000.\0005\000\040\000S\000e\000t\000R\000a\000d\000i\000u\000s\000\050\000\051}{subsection.6.25.3}% 322
\BOOKMARK [3][-]{subsubsection.6.25.3.6}{\376\377\0006\000.\0002\0005\000.\0003\000.\0006\000\040\000S\000e\000t\000S\000c\000a\000l\000e\000\050\000\051}{subsection.6.25.3}% 323
\BOOKMARK [1][-]{section.6.26}{\376\377\0006\000.\0002\0006\000\040\000m\000t\000r\000x\000:\000:\000T\000r\000a\000n\000s\000f\000o\000r\000m\000\040\000C\000l\000a\000s\000s\000\040\000R\000e\000f\000e\000r\000e\000n\000c\000e}{chapter.6}% 324
\BOOKMARK [2][-]{subsection.6.26.1}{\376\377\0006\000.\0002\0006\000.\0001\000\040\000D\000e\000t\000a\000i\000l\000e\000d\000\040\000D\000e\000s\000c\000r\000i\000p\000t\000i\000o\000n}{section.6.26}% 325
\BOOKMARK [2][-]{subsection.6.26.2}{\376\377\0006\000.\0002\0006\000.\0002\000\040\000C\000o\000n\000s\000t\000r\000u\000c\000t\000o\000r\000\040\000\046\000\040\000D\000e\000s\000t\000r\000u\000c\000t\000o\000r\000\040\000D\000o\000c\000u\000m\000e\000n\000t\000a\000t\000i\000o\000n}{section.6.26}% 326
\BOOKMARK [3][-]{subsubsection.6.26.2.1}{\376\377\0006\000.\0002\0006\000.\0002\000.\0001\000\040\000T\000r\000a\000n\000s\000f\000o\000r\000m\000\050\000\051}{subsection.6.26.2}% 327
\BOOKMARK [3][-]{subsubsection.6.26.2.2}{\376\377\0006\000.\0002\0006\000.\0002\000.\0002\000\040\000\040\000T\000r\000a\000n\000s\000f\000o\000r\000m\000\050\000\051}{subsection.6.26.2}% 328
\BOOKMARK [2][-]{subsection.6.26.3}{\376\377\0006\000.\0002\0006\000.\0003\000\040\000M\000e\000m\000b\000e\000r\000\040\000F\000u\000n\000c\000t\000i\000o\000n\000\040\000D\000o\000c\000u\000m\000e\000n\000t\000a\000t\000i\000o\000n}{section.6.26}% 329
\BOOKMARK [3][-]{subsubsection.6.26.3.1}{\376\377\0006\000.\0002\0006\000.\0003\000.\0001\000\040\000G\000e\000t\000O\000r\000i\000e\000n\000t\000a\000t\000i\000o\000n\000\050\000\051\000\040\000[\0001\000/\0002\000]}{subsection.6.26.3}% 330
\BOOKMARK [3][-]{subsubsection.6.26.3.2}{\376\377\0006\000.\0002\0006\000.\0003\000.\0002\000\040\000G\000e\000t\000O\000r\000i\000e\000n\000t\000a\000t\000i\000o\000n\000\050\000\051\000\040\000[\0002\000/\0002\000]}{subsection.6.26.3}% 331
\BOOKMARK [3][-]{subsubsection.6.26.3.3}{\376\377\0006\000.\0002\0006\000.\0003\000.\0003\000\040\000G\000e\000t\000P\000o\000s\000i\000t\000i\000o\000n\000\050\000\051\000\040\000[\0001\000/\0002\000]}{subsection.6.26.3}% 332
\BOOKMARK [3][-]{subsubsection.6.26.3.4}{\376\377\0006\000.\0002\0006\000.\0003\000.\0004\000\040\000G\000e\000t\000P\000o\000s\000i\000t\000i\000o\000n\000\050\000\051\000\040\000[\0002\000/\0002\000]}{subsection.6.26.3}% 333
\BOOKMARK [3][-]{subsubsection.6.26.3.5}{\376\377\0006\000.\0002\0006\000.\0003\000.\0005\000\040\000G\000e\000t\000S\000c\000a\000l\000e\000\050\000\051\000\040\000[\0001\000/\0002\000]}{subsection.6.26.3}% 334
\BOOKMARK [3][-]{subsubsection.6.26.3.6}{\376\377\0006\000.\0002\0006\000.\0003\000.\0006\000\040\000G\000e\000t\000S\000c\000a\000l\000e\000\050\000\051\000\040\000[\0002\000/\0002\000]}{subsection.6.26.3}% 335
\BOOKMARK [3][-]{subsubsection.6.26.3.7}{\376\377\0006\000.\0002\0006\000.\0003\000.\0007\000\040\000R\000o\000t\000a\000t\000e\000\050\000\051}{subsection.6.26.3}% 336
\BOOKMARK [3][-]{subsubsection.6.26.3.8}{\376\377\0006\000.\0002\0006\000.\0003\000.\0008\000\040\000S\000e\000t\000O\000r\000i\000e\000n\000t\000a\000t\000i\000o\000n\000\050\000\051}{subsection.6.26.3}% 337
\BOOKMARK [3][-]{subsubsection.6.26.3.9}{\376\377\0006\000.\0002\0006\000.\0003\000.\0009\000\040\000S\000e\000t\000P\000o\000s\000i\000t\000i\000o\000n\000\050\000\051}{subsection.6.26.3}% 338
\BOOKMARK [3][-]{subsubsection.6.26.3.10}{\376\377\0006\000.\0002\0006\000.\0003\000.\0001\0000\000\040\000S\000e\000t\000S\000c\000a\000l\000e\000\050\000\051}{subsection.6.26.3}% 339
\BOOKMARK [3][-]{subsubsection.6.26.3.11}{\376\377\0006\000.\0002\0006\000.\0003\000.\0001\0001\000\040\000T\000r\000a\000n\000s\000l\000a\000t\000e\000\050\000\051}{subsection.6.26.3}% 340
\BOOKMARK [1][-]{section.6.27}{\376\377\0006\000.\0002\0007\000\040\000m\000t\000r\000x\000:\000:\000T\000r\000i\000a\000n\000g\000l\000e\000\040\000S\000t\000r\000u\000c\000t\000\040\000R\000e\000f\000e\000r\000e\000n\000c\000e}{chapter.6}% 341
\BOOKMARK [2][-]{subsection.6.27.1}{\376\377\0006\000.\0002\0007\000.\0001\000\040\000D\000e\000t\000a\000i\000l\000e\000d\000\040\000D\000e\000s\000c\000r\000i\000p\000t\000i\000o\000n}{section.6.27}% 342
\BOOKMARK [0][-]{section*.176}{\376\377\000I\000n\000d\000e\000x}{}% 343
