c:\users\mohamed\desktop\physicsengine\physics engine\physics engine\debug\vc141.pdb
c:\users\mohamed\desktop\physicsengine\physics engine\physics engine\debug\vc141.idb
c:\users\mohamed\desktop\physicsengine\physics engine\physics engine\debug\vector3d.obj
c:\users\mohamed\desktop\physicsengine\physics engine\physics engine\debug\utils.obj
c:\users\mohamed\desktop\physicsengine\physics engine\physics engine\debug\tester.obj
c:\users\mohamed\desktop\physicsengine\physics engine\physics engine\debug\spherecollider.obj
c:\users\mohamed\desktop\physicsengine\physics engine\physics engine\debug\mat3.obj
c:\users\mohamed\desktop\physicsengine\physics engine\physics engine\debug\collisionutil.obj
c:\users\mohamed\desktop\physicsengine\physics engine\physics engine\debug\collider.obj
c:\users\mohamed\desktop\physicsengine\physics engine\physics engine\debug\boxcollider.obj
c:\users\mohamed\desktop\physicsengine\physics engine\physics engine\debug\convexshapecollider.obj
c:\users\mohamed\desktop\physicsengine\physics engine\physics engine\debug\simplex.obj
c:\users\mohamed\desktop\physicsengine\physics engine\physics engine\debug\gjk.obj
c:\users\mohamed\desktop\physicsengine\physics engine\physics engine\debug\epa.obj
c:\users\mohamed\desktop\physicsengine\physics engine\debug\physics engine.exe
c:\users\mohamed\desktop\physicsengine\physics engine\debug\physics engine.ilk
c:\users\mohamed\desktop\physicsengine\physics engine\debug\physics engine.pdb
c:\users\mohamed\desktop\physicsengine\physics engine\physics engine\debug\physics engine.tlog\cl.command.1.tlog
c:\users\mohamed\desktop\physicsengine\physics engine\physics engine\debug\physics engine.tlog\cl.read.1.tlog
c:\users\mohamed\desktop\physicsengine\physics engine\physics engine\debug\physics engine.tlog\cl.write.1.tlog
c:\users\mohamed\desktop\physicsengine\physics engine\physics engine\debug\physics engine.tlog\link.command.1.tlog
c:\users\mohamed\desktop\physicsengine\physics engine\physics engine\debug\physics engine.tlog\link.read.1.tlog
c:\users\mohamed\desktop\physicsengine\physics engine\physics engine\debug\physics engine.tlog\link.write.1.tlog
